<?xml version="1.0" encoding="UTF-8"?>
<robot generator="Robot 7.2.2 (Python 3.13.3 on win32)" generated="2025-05-23T21:06:46.329654" rpa="false" schemaversion="5">
<suite id="s1" name="Api Tests" source="c:\03 - Projetos\AWS_QE_MAR25\Sprint 5_RobotFramework\tests\api_tests.robot">
<kw name="Criar Reserva Inicial" owner="keywords" type="SETUP">
<kw name="Create Session" owner="RequestsLibrary">
<msg time="2025-05-23T21:06:47.463061" level="INFO">Creating Session using : alias=bookings, url=https://restful-booker.herokuapp.com, headers={},                     cookies={}, auth=None, timeout=None, proxies=None, verify=False,                     debug=0 </msg>
<arg>bookings</arg>
<arg>${base_url}</arg>
<doc>Create Session: create a HTTP session to a server</doc>
<status status="PASS" start="2025-05-23T21:06:47.462696" elapsed="0.004463"/>
</kw>
<kw name="Create Dictionary" owner="BuiltIn">
<msg time="2025-05-23T21:06:47.468722" level="INFO">${booking_data} = {'firstname': 'Jim', 'lastname': 'Brown', 'totalprice': '111', 'depositpaid': 'true'}</msg>
<var>${booking_data}</var>
<arg>firstname=Jim</arg>
<arg>lastname=Brown</arg>
<arg>totalprice=111</arg>
<arg>depositpaid=true</arg>
<doc>Creates and returns a dictionary based on the given ``items``.</doc>
<status status="PASS" start="2025-05-23T21:06:47.467701" elapsed="0.001401"/>
</kw>
<kw name="Create Dictionary" owner="BuiltIn">
<msg time="2025-05-23T21:06:47.470203" level="INFO">${dates} = {'checkin': '2018-01-01', 'checkout': '2019-01-01'}</msg>
<var>${dates}</var>
<arg>checkin=2018-01-01</arg>
<arg>checkout=2019-01-01</arg>
<doc>Creates and returns a dictionary based on the given ``items``.</doc>
<status status="PASS" start="2025-05-23T21:06:47.469559" elapsed="0.000884"/>
</kw>
<kw name="Set To Dictionary" owner="Collections">
<arg>${booking_data}</arg>
<arg>bookingdates=${dates}</arg>
<doc>Adds the given ``key_value_pairs`` and/or ``items`` to the ``dictionary``.</doc>
<status status="PASS" start="2025-05-23T21:06:47.470789" elapsed="0.000555"/>
</kw>
<kw name="Set To Dictionary" owner="Collections">
<arg>${booking_data}</arg>
<arg>additionalneeds=breakfast</arg>
<doc>Adds the given ``key_value_pairs`` and/or ``items`` to the ``dictionary``.</doc>
<status status="PASS" start="2025-05-23T21:06:47.471643" elapsed="0.000633"/>
</kw>
<kw name="POST On Session" owner="RequestsLibrary">
<msg time="2025-05-23T21:06:48.154228" level="INFO">POST Request : url=https://restful-booker.herokuapp.com/booking 
 path_url=/booking 
 headers={'User-Agent': 'python-requests/2.32.3', 'Accept-Encoding': 'gzip, deflate', 'Accept': '*/*', 'Connection': 'keep-alive', 'Content-Length': '186', 'Content-Type': 'application/json'} 
 body=b'{"firstname": "Jim", "lastname": "Brown", "totalprice": "111", "depositpaid": "true", "bookingdates": {"checkin": "2018-01-01", "checkout": "2019-01-01"}, "additionalneeds": "breakfast"}' 
 </msg>
<msg time="2025-05-23T21:06:48.154546" level="INFO">POST Response : url=https://restful-booker.herokuapp.com/booking 
 status=200, reason=OK 
 headers={'Content-Length': '197', 'Content-Type': 'application/json; charset=utf-8', 'Date': 'Sat, 24 May 2025 00:06:48 GMT', 'Etag': 'W/"c5-okbJTJvYeP9Bbd8TyRbgzDvoO6s"', 'Nel': '{"report_to":"heroku-nel","response_headers":["Via"],"max_age":3600,"success_fraction":0.01,"failure_fraction":0.1}', 'Report-To': '{"group":"heroku-nel","endpoints":[{"url":"https://nel.heroku.com/reports?s=c%2FQRmCxxiH%2B2%2FQ3erJl7JLAIsMAImFSyySsLKkxyMU8%3D\\u0026sid=c46efe9b-d3d2-4a0c-8c76-bfafa16c5add\\u0026ts=1748045208"}],"max_age":3600}', 'Reporting-Endpoints': 'heroku-nel="https://nel.heroku.com/reports?s=c%2FQRmCxxiH%2B2%2FQ3erJl7JLAIsMAImFSyySsLKkxyMU8%3D&amp;sid=c46efe9b-d3d2-4a0c-8c76-bfafa16c5add&amp;ts=1748045208"', 'Server': 'Heroku', 'Via': '1.1 heroku-router', 'X-Powered-By': 'Express'} 
 body={"bookingid":2610,"booking":{"firstname":"Jim","lastname":"Brown","totalprice":111,"depositpaid":true,"bookingdates":{"checkin":"2018-01-01","checkout":"2019-01-01"},"additionalneeds":"breakfast"}} 
 </msg>
<msg time="2025-05-23T21:06:48.154723" level="INFO">C:\03 - Projetos\AWS_QE_MAR25\Sprint 5_RobotFramework\.venv\Lib\site-packages\urllib3\connectionpool.py:1097: InsecureRequestWarning: Unverified HTTPS request is being made to host 'restful-booker.herokuapp.com'. Adding certificate verification is strongly advised. See: https://urllib3.readthedocs.io/en/latest/advanced-usage.html#tls-warnings
  warnings.warn(</msg>
<msg time="2025-05-23T21:06:48.156043" level="INFO">${response} = &lt;Response [200]&gt;</msg>
<var>${response}</var>
<arg>bookings</arg>
<arg>/booking</arg>
<arg>json=${booking_data}</arg>
<doc>Sends a POST request on a previously created HTTP Session.</doc>
<status status="PASS" start="2025-05-23T21:06:47.472637" elapsed="0.683687"/>
</kw>
<kw name="Convert To Dictionary" owner="Collections">
<msg time="2025-05-23T21:06:48.157316" level="INFO">${response_json} = {'bookingid': 2610, 'booking': {'firstname': 'Jim', 'lastname': 'Brown', 'totalprice': 111, 'depositpaid': True, 'bookingdates': {'checkin': '2018-01-01', 'checkout': '2019-01-01'}, 'additionalneeds':...</msg>
<var>${response_json}</var>
<arg>${response.json()}</arg>
<doc>Converts the given ``item`` to a Python ``dict`` type.</doc>
<status status="PASS" start="2025-05-23T21:06:48.156618" elapsed="0.000872"/>
</kw>
<kw name="Log" owner="BuiltIn">
<msg time="2025-05-23T21:06:48.158994" level="INFO">JSON da resposta da criação: {'bookingid': 2610, 'booking': {'firstname': 'Jim', 'lastname': 'Brown', 'totalprice': 111, 'depositpaid': True, 'bookingdates': {'checkin': '2018-01-01', 'checkout': '2019-01-01'}, 'additionalneeds': 'breakfast'}}</msg>
<arg>JSON da resposta da criação: ${response_json}</arg>
<doc>Logs the given message with the given level.</doc>
<status status="PASS" start="2025-05-23T21:06:48.157722" elapsed="0.001560"/>
</kw>
<kw name="Get From Dictionary" owner="Collections">
<msg time="2025-05-23T21:06:48.159931" level="INFO">${bookingid_raw} = 2610</msg>
<var>${bookingid_raw}</var>
<arg>${response_json}</arg>
<arg>bookingid</arg>
<doc>Returns a value from the given ``dictionary`` based on the given ``key``.</doc>
<status status="PASS" start="2025-05-23T21:06:48.159540" elapsed="0.000523"/>
</kw>
<kw name="Log" owner="BuiltIn">
<msg time="2025-05-23T21:06:48.160458" level="INFO">Booking ID extraído: 2610</msg>
<arg>Booking ID extraído: ${bookingid_raw}</arg>
<doc>Logs the given message with the given level.</doc>
<status status="PASS" start="2025-05-23T21:06:48.160244" elapsed="0.000340"/>
</kw>
<kw name="Run Keyword If" owner="BuiltIn">
<kw name="Set Variable" owner="BuiltIn">
<arg>${bookingid_raw}</arg>
<doc>Returns the given values which can then be assigned to a variables.</doc>
<status status="PASS" start="2025-05-23T21:06:48.161275" elapsed="0.000418"/>
</kw>
<msg time="2025-05-23T21:06:48.162082" level="INFO">${bookingid} = 2610</msg>
<var>${bookingid}</var>
<arg>'${bookingid_raw}'[0] == '['</arg>
<arg>Get From List</arg>
<arg>${bookingid_raw}</arg>
<arg>0</arg>
<arg>ELSE</arg>
<arg>Set Variable</arg>
<arg>${bookingid_raw}</arg>
<doc>Runs the given keyword with the given arguments, if ``condition`` is true.</doc>
<status status="PASS" start="2025-05-23T21:06:48.160764" elapsed="0.001589"/>
</kw>
<kw name="Log" owner="BuiltIn">
<msg time="2025-05-23T21:06:48.163143" level="INFO">Booking ID final: 2610</msg>
<arg>Booking ID final: ${bookingid}</arg>
<doc>Logs the given message with the given level.</doc>
<status status="PASS" start="2025-05-23T21:06:48.162671" elapsed="0.000816"/>
</kw>
<kw name="Set Suite Variable" owner="BuiltIn">
<msg time="2025-05-23T21:06:48.164334" level="INFO">${bookingid} = 2610</msg>
<arg>${bookingid}</arg>
<doc>Makes a variable available everywhere within the scope of the current suite.</doc>
<status status="PASS" start="2025-05-23T21:06:48.163803" elapsed="0.000728"/>
</kw>
<kw name="Log" owner="BuiltIn">
<msg time="2025-05-23T21:06:48.165086" level="INFO">Booking ID extraído: 2610</msg>
<arg>Booking ID extraído: ${bookingid}</arg>
<doc>Logs the given message with the given level.</doc>
<status status="PASS" start="2025-05-23T21:06:48.164752" elapsed="0.000597"/>
</kw>
<kw name="Set Suite Variable" owner="BuiltIn">
<msg time="2025-05-23T21:06:48.166576" level="INFO">${bookingid} = 2610</msg>
<arg>${bookingid}</arg>
<doc>Makes a variable available everywhere within the scope of the current suite.</doc>
<status status="PASS" start="2025-05-23T21:06:48.165994" elapsed="0.001609"/>
</kw>
<status status="PASS" start="2025-05-23T21:06:47.460938" elapsed="0.706966"/>
</kw>
<test id="s1-t1" name="Cenário 1: obter todos os ids de reservas" line="10">
<kw name="Create Session" owner="RequestsLibrary">
<msg time="2025-05-23T21:06:48.171625" level="INFO">Creating Session using : alias=bookings, url=https://restful-booker.herokuapp.com, headers={},                     cookies={}, auth=None, timeout=None, proxies=None, verify=False,                     debug=0 </msg>
<arg>bookings</arg>
<arg>${base_url}</arg>
<doc>Create Session: create a HTTP session to a server</doc>
<status status="PASS" start="2025-05-23T21:06:48.170925" elapsed="0.003729"/>
</kw>
<kw name="GET On Session" owner="RequestsLibrary">
<msg time="2025-05-23T21:06:48.762229" level="INFO">GET Request : url=https://restful-booker.herokuapp.com/booking 
 path_url=/booking 
 headers={'User-Agent': 'python-requests/2.32.3', 'Accept-Encoding': 'gzip, deflate', 'Accept': '*/*', 'Connection': 'keep-alive'} 
 body=None 
 </msg>
<msg time="2025-05-23T21:06:48.762605" level="INFO">GET Response : url=https://restful-booker.herokuapp.com/booking 
 status=200, reason=OK 
 headers={'Content-Length': '33501', 'Content-Type': 'application/json; charset=utf-8', 'Date': 'Sat, 24 May 2025 00:06:48 GMT', 'Etag': 'W/"82dd-thdLrrcMNZO/82S9Nw+p+n4DFHI"', 'Nel': '{"report_to":"heroku-nel","response_headers":["Via"],"max_age":3600,"success_fraction":0.01,"failure_fraction":0.1}', 'Report-To': '{"group":"heroku-nel","endpoints":[{"url":"https://nel.heroku.com/reports?s=c%2FQRmCxxiH%2B2%2FQ3erJl7JLAIsMAImFSyySsLKkxyMU8%3D\\u0026sid=c46efe9b-d3d2-4a0c-8c76-bfafa16c5add\\u0026ts=1748045208"}],"max_age":3600}', 'Reporting-Endpoints': 'heroku-nel="https://nel.heroku.com/reports?s=c%2FQRmCxxiH%2B2%2FQ3erJl7JLAIsMAImFSyySsLKkxyMU8%3D&amp;sid=c46efe9b-d3d2-4a0c-8c76-bfafa16c5add&amp;ts=1748045208"', 'Server': 'Heroku', 'Via': '1.1 heroku-router', 'X-Powered-By': 'Express'} 
 body=[{"bookingid":2323},{"bookingid":1269},{"bookingid":2030},{"bookingid":2126},{"bookingid":264},{"bookingid":1493},{"bookingid":1041},{"bookingid":1886},{"bookingid":1094},{"bookingid":999},{"bookingid":1371},{"bookingid":2419},{"bookingid":1203},{"bookingid":1953},{"bookingid":2471},{"bookingid":1554},{"bookingid":1895},{"bookingid":322},{"bookingid":2372},{"bookingid":2192},{"bookingid":145},{"bookingid":111},{"bookingid":294},{"bookingid":2578},{"bookingid":2242},{"bookingid":851},{"bookingid":1834},{"bookingid":1844},{"bookingid":1261},{"bookingid":1213},{"bookingid":962},{"bookingid":2524},{"bookingid":2601},{"bookingid":2583},{"bookingid":41},{"bookingid":1910},{"bookingid":795},{"bookingid":1831},{"bookingid":829},{"bookingid":84},{"bookingid":2283},{"bookingid":108},{"bookingid":151},{"bookingid":496},{"bookingid":118},{"bookingid":249},{"bookingid":1352},{"bookingid":31},{"bookingid":1051},{"bookingid":2472},{"bookingid":2563},{"bookingid":2558},{"bookingid":91},{"bookingid":2133},{"bookingid":544},{"bookingid":1640},{"bookingid":1413},{"bookingid":2246},{"bookingid":371},{"bookingid":154},{"bookingid":2437},{"bookingid":1920},{"bookingid":2568},{"bookingid":90},{"bookingid":1132},{"bookingid":939},{"bookingid":345},{"bookingid":1200},{"bookingid":686},{"bookingid":1043},{"bookingid":486},{"bookingid":1923},{"bookingid":1279},{"bookingid":335},{"bookingid":1389},{"bookingid":651},{"bookingid":1453},{"bookingid":834},{"bookingid":297},{"bookingid":1638},{"bookingid":1274},{"bookingid":1799},{"bookingid":174},{"bookingid":1411},{"bookingid":463},{"bookingid":1157},{"bookingid":1249},{"bookingid":1997},{"bookingid":1384},{"bookingid":1084},{"bookingid":143},{"bookingid":1426},{"bookingid":1492},{"bookingid":2362},{"bookingid":667},{"bookingid":142},{"bookingid":1713},{"bookingid":2436},{"bookingid":2387},{"bookingid":1137},{"bookingid":752},{"bookingid":881},{"bookingid":2302},{"bookingid":579},{"bookingid":2213},{"bookingid":947},{"bookingid":1169},{"bookingid":1994},{"bookingid":1555},{"bookingid":773},{"bookingid":660},{"bookingid":1627},{"bookingid":1321},{"bookingid":1943},{"bookingid":639},{"bookingid":28},{"bookingid":2139},{"bookingid":488},{"bookingid":279},{"bookingid":2556},{"bookingid":2483},{"bookingid":2105},{"bookingid":1379},{"bookingid":316},{"bookingid":654},{"bookingid":1765},{"bookingid":354},{"bookingid":1647},{"bookingid":1476},{"bookingid":1908},{"bookingid":2455},{"bookingid":398},{"bookingid":101},{"bookingid":76},{"bookingid":2142},{"bookingid":1546},{"bookingid":396},{"bookingid":228},{"bookingid":2502},{"bookingid":1664},{"bookingid":845},{"bookingid":2275},{"bookingid":315},{"bookingid":1256},{"bookingid":380},{"bookingid":1066},{"bookingid":2462},{"bookingid":1998},{"bookingid":1266},{"bookingid":827},{"bookingid":2597},{"bookingid":1756},{"bookingid":2230},{"bookingid":2305},{"bookingid":843},{"bookingid":984},{"bookingid":2211},{"bookingid":2162},{"bookingid":712},{"bookingid":2489},{"bookingid":491},{"bookingid":1887},{"bookingid":1577},{"bookingid":2510},{"bookingid":903},{"bookingid":2318},{"bookingid":1187},{"bookingid":863},{"bookingid":1022},{"bookingid":693},{"bookingid":428},{"bookingid":2333},{"bookingid":598},{"bookingid":2098},{"bookingid":1333},{"bookingid":1025},{"bookingid":620},{"bookingid":1723},{"bookingid":2071},{"bookingid":1447},{"bookingid":2165},{"bookingid":1205},{"bookingid":852},{"bookingid":1509},{"bookingid":683},{"bookingid":2354},{"bookingid":1255},{"bookingid":2480},{"bookingid":234},{"bookingid":1081},{"bookingid":936},{"bookingid":461},{"bookingid":1921},{"bookingid":789},{"bookingid":2544},{"bookingid":951},{"bookingid":311},{"bookingid":979},{"bookingid":823},{"bookingid":1962},{"bookingid":1786},{"bookingid":325},{"bookingid":1918},{"bookingid":2086},{"bookingid":97},{"bookingid":926},{"bookingid":655},{"bookingid":1768},{"bookingid":2529},{"bookingid":1941},{"bookingid":1739},{"bookingid":1534},{"bookingid":2184},{"bookingid":973},{"bookingid":320},{"bookingid":1569},{"bookingid":304},{"bookingid":578},{"bookingid":2444},{"bookingid":2551},{"bookingid":635},{"bookingid":2097},{"bookingid":1285},{"bookingid":606},{"bookingid":2358},{"bookingid":838},{"bookingid":102},{"bookingid":1985},{"bookingid":1850},{"bookingid":406},{"bookingid":1653},{"bookingid":1773},{"bookingid":1464},{"bookingid":1764},{"bookingid":2386},{"bookingid":1885},{"bookingid":601},{"bookingid":1609},{"bookingid":2501},{"bookingid":485},{"bookingid":1483},{"bookingid":2573},{"bookingid":1116},{"bookingid":1254},{"bookingid":1338},{"bookingid":2117},{"bookingid":2514},{"bookingid":587},{"bookingid":1431},{"bookingid":2531},{"bookingid":1432},{"bookingid":77},{"bookingid":1353},{"bookingid":331},{"bookingid":1415},{"bookingid":392},{"bookingid":1030},{"bookingid":1752},{"bookingid":1533},{"bookingid":2244},{"bookingid":2540},{"bookingid":1369},{"bookingid":353},{"bookingid":2171},{"bookingid":566},{"bookingid":1204},{"bookingid":1480},{"bookingid":2337},{"bookingid":2288},{"bookingid":170},{"bookingid":1846},{"bookingid":589},{"bookingid":69},{"bookingid":2388},{"bookingid":656},{"bookingid":2286},{"bookingid":2409},{"bookingid":1930},{"bookingid":1259},{"bookingid":2040},{"bookingid":72},{"bookingid":1973},{"bookingid":988},{"bookingid":1512},{"bookingid":194},{"bookingid":953},{"bookingid":2463},{"bookingid":2226},{"bookingid":2393},{"bookingid":2312},{"bookingid":1444},{"bookingid":1454},{"bookingid":2170},{"bookingid":2091},{"bookingid":2109},{"bookingid":905},{"bookingid":878},{"bookingid":2539},{"bookingid":2606},{"bookingid":2271},{"bookingid":1339},{"bookingid":1349},{"bookingid":1735},{"bookingid":1102},{"bookingid":35},{"bookingid":2077},{"bookingid":7},{"bookingid":121},{"bookingid":1452},{"bookingid":305},{"bookingid":853},{"bookingid":2459},{"bookingid":941},{"bookingid":1176},{"bookingid":1120},{"bookingid":2131},{"bookingid":2509},{"bookingid":245},{"bookingid":2407},{"bookingid":1783},{"bookingid":1526},{"bookingid":1689},{"bookingid":248},{"bookingid":1548},{"bookingid":1899},{"bookingid":500},{"bookingid":690},{"bookingid":1016},{"bookingid":1926},{"bookingid":567},{"bookingid":2474},{"bookingid":330},{"bookingid":2037},{"bookingid":1107},{"bookingid":2174},{"bookingid":1216},{"bookingid":333},{"bookingid":1551},{"bookingid":916},{"bookingid":250},{"bookingid":766},{"bookingid":1928},{"bookingid":2034},{"bookingid":455},{"bookingid":891},{"bookingid":2124},{"bookingid":1578},{"bookingid":89},{"bookingid":1937},{"bookingid":1938},{"bookingid":464},{"bookingid":2025},{"bookingid":2486},{"bookingid":1679},{"bookingid":2291},{"bookingid":736},{"bookingid":413},{"bookingid":594},{"bookingid":126},{"bookingid":1061},{"bookingid":963},{"bookingid":2121},{"bookingid":1704},{"bookingid":1158},{"bookingid":511},{"bookingid":940},{"bookingid":1151},{"bookingid":2281},{"bookingid":1540},{"bookingid":2487},{"bookingid":1068},{"bookingid":1955},{"bookingid":917},{"bookingid":873},{"bookingid":399},{"bookingid":103},{"bookingid":1642},{"bookingid":1840},{"bookingid":1987},{"bookingid":1443},{"bookingid":1560},{"bookingid":931},{"bookingid":317},{"bookingid":944},{"bookingid":1539},{"bookingid":2549},{"bookingid":519},{"bookingid":835},{"bookingid":2059},{"bookingid":1670},{"bookingid":285},{"bookingid":1606},{"bookingid":4},{"bookingid":1209},{"bookingid":1870},{"bookingid":2382},{"bookingid":1330},{"bookingid":1593},{"bookingid":1058},{"bookingid":2339},{"bookingid":275},{"bookingid":865},{"bookingid":502},{"bookingid":1099},{"bookingid":1463},{"bookingid":2221},{"bookingid":619},{"bookingid":2164},{"bookingid":1668},{"bookingid":2039},{"bookingid":140},{"bookingid":2215},{"bookingid":1503},{"bookingid":137},{"bookingid":742},{"bookingid":2355},{"bookingid":473},{"bookingid":611},{"bookingid":1785},{"bookingid":2007},{"bookingid":921},{"bookingid":807},{"bookingid":971},{"bookingid":5},{"bookingid":2031},{"bookingid":1110},{"bookingid":1504},{"bookingid":1101},{"bookingid":874},{"bookingid":445},{"bookingid":193},{"bookingid":1666},{"bookingid":2015},{"bookingid":718},{"bookingid":997},{"bookingid":1441},{"bookingid":188},{"bookingid":2269},{"bookingid":1991},{"bookingid":219},{"bookingid":781},{"bookingid":632},{"bookingid":1253},{"bookingid":2052},{"bookingid":1171},{"bookingid":2390},{"bookingid":81},{"bookingid":1692},{"bookingid":1165},{"bookingid":2580},{"bookingid":475},{"bookingid":2322},{"bookingid":415},{"bookingid":1527},{"bookingid":67},{"bookingid":2161},{"bookingid":2155},{"bookingid":2136},{"bookingid":929},{"bookingid":1849},{"bookingid":719},{"bookingid":1422},{"bookingid":2050},{"bookingid":2368},{"bookingid":2084},{"bookingid":1811},{"bookingid":1600},{"bookingid":1129},{"bookingid":1075},{"bookingid":560},{"bookingid":591},{"bookingid":637},{"bookingid":2135},{"bookingid":1354},{"bookingid":160},{"bookingid":705},{"bookingid":1977},{"bookingid":2559},{"bookingid":1467},{"bookingid":1232},{"bookingid":1793},{"bookingid":482},{"bookingid":1275},{"bookingid":534},{"bookingid":556},{"bookingid":1790},{"bookingid":1000},{"bookingid":1547},{"bookingid":168},{"bookingid":1277},{"bookingid":109},{"bookingid":593},{"bookingid":282},{"bookingid":2179},{"bookingid":2274},{"bookingid":1059},{"bookingid":1525},{"bookingid":646},{"bookingid":1201},{"bookingid":2520},{"bookingid":408},{"bookingid":2066},{"bookingid":2293},{"bookingid":267},{"bookingid":1654},{"bookingid":2526},{"bookingid":1830},{"bookingid":138},{"bookingid":352},{"bookingid":1419},{"bookingid":1198},{"bookingid":2020},{"bookingid":1310},{"bookingid":2198},{"bookingid":1108},{"bookingid":555},{"bookingid":2147},{"bookingid":1346},{"bookingid":1796},{"bookingid":2545},{"bookingid":1031},{"bookingid":746},{"bookingid":466},{"bookingid":1052},{"bookingid":232},{"bookingid":2203},{"bookingid":2152},{"bookingid":1929},{"bookingid":1558},{"bookingid":699},{"bookingid":1293},{"bookingid":489},{"bookingid":1576},{"bookingid":2304},{"bookingid":1963},{"bookingid":166},{"bookingid":1440},{"bookingid":129... (set the log level to DEBUG or TRACE to see the full content) 
 </msg>
<msg time="2025-05-23T21:06:48.763389" level="INFO">C:\03 - Projetos\AWS_QE_MAR25\Sprint 5_RobotFramework\.venv\Lib\site-packages\urllib3\connectionpool.py:1097: InsecureRequestWarning: Unverified HTTPS request is being made to host 'restful-booker.herokuapp.com'. Adding certificate verification is strongly advised. See: https://urllib3.readthedocs.io/en/latest/advanced-usage.html#tls-warnings
  warnings.warn(</msg>
<msg time="2025-05-23T21:06:48.765317" level="INFO">${response} = &lt;Response [200]&gt;</msg>
<var>${response}</var>
<arg>bookings</arg>
<arg>/booking</arg>
<doc>Sends a GET request on a previously created HTTP Session.</doc>
<status status="PASS" start="2025-05-23T21:06:48.187402" elapsed="0.578231"/>
</kw>
<kw name="Status Should Be" owner="RequestsLibrary">
<arg>200</arg>
<arg>${response}</arg>
<doc>Fails if response status code is different than the expected.</doc>
<status status="PASS" start="2025-05-23T21:06:48.766644" elapsed="0.000813"/>
</kw>
<status status="PASS" start="2025-05-23T21:06:48.168137" elapsed="0.603092"/>
</test>
<test id="s1-t2" name="Cenário 2: criar nova reserva" line="15">
<kw name="Create Session" owner="RequestsLibrary">
<msg time="2025-05-23T21:06:48.782830" level="INFO">Creating Session using : alias=bookings, url=https://restful-booker.herokuapp.com, headers={},                     cookies={}, auth=None, timeout=None, proxies=None, verify=False,                     debug=0 </msg>
<arg>bookings</arg>
<arg>${base_url}</arg>
<doc>Create Session: create a HTTP session to a server</doc>
<status status="PASS" start="2025-05-23T21:06:48.782228" elapsed="0.001177"/>
</kw>
<kw name="Create Dictionary" owner="BuiltIn">
<msg time="2025-05-23T21:06:48.786357" level="INFO">${booking_data} = {'firstname': 'Jim', 'lastname': 'Brown', 'totalprice': '111', 'depositpaid': 'true', 'bookingdates': None, 'additionalneeds': 'breakfast'}</msg>
<var>${booking_data}</var>
<arg>firstname=Jim</arg>
<arg>lastname=Brown</arg>
<arg>totalprice=111</arg>
<arg>depositpaid=true</arg>
<arg>bookingdates=${None}</arg>
<arg>additionalneeds=breakfast</arg>
<doc>Creates and returns a dictionary based on the given ``items``.</doc>
<status status="PASS" start="2025-05-23T21:06:48.785469" elapsed="0.001159"/>
</kw>
<kw name="Create Dictionary" owner="BuiltIn">
<msg time="2025-05-23T21:06:48.787937" level="INFO">${dates} = {'checkin': '2018-01-01', 'checkout': '2019-01-01'}</msg>
<var>${dates}</var>
<arg>checkin=2018-01-01</arg>
<arg>checkout=2019-01-01</arg>
<doc>Creates and returns a dictionary based on the given ``items``.</doc>
<status status="PASS" start="2025-05-23T21:06:48.787532" elapsed="0.000657"/>
</kw>
<kw name="Set To Dictionary" owner="Collections">
<arg>${booking_data}</arg>
<arg>bookingdates=${dates}</arg>
<doc>Adds the given ``key_value_pairs`` and/or ``items`` to the ``dictionary``.</doc>
<status status="PASS" start="2025-05-23T21:06:48.792355" elapsed="0.000712"/>
</kw>
<kw name="POST On Session" owner="RequestsLibrary">
<msg time="2025-05-23T21:06:49.420629" level="INFO">POST Request : url=https://restful-booker.herokuapp.com/booking 
 path_url=/booking 
 headers={'User-Agent': 'python-requests/2.32.3', 'Accept-Encoding': 'gzip, deflate', 'Accept': '*/*', 'Connection': 'keep-alive', 'Content-Length': '186', 'Content-Type': 'application/json'} 
 body=b'{"firstname": "Jim", "lastname": "Brown", "totalprice": "111", "depositpaid": "true", "bookingdates": {"checkin": "2018-01-01", "checkout": "2019-01-01"}, "additionalneeds": "breakfast"}' 
 </msg>
<msg time="2025-05-23T21:06:49.421530" level="INFO">POST Response : url=https://restful-booker.herokuapp.com/booking 
 status=200, reason=OK 
 headers={'Content-Length': '197', 'Content-Type': 'application/json; charset=utf-8', 'Date': 'Sat, 24 May 2025 00:06:49 GMT', 'Etag': 'W/"c5-6Jbf6u4APQ9iwahBYkmH5sdx/bA"', 'Nel': '{"report_to":"heroku-nel","response_headers":["Via"],"max_age":3600,"success_fraction":0.01,"failure_fraction":0.1}', 'Report-To': '{"group":"heroku-nel","endpoints":[{"url":"https://nel.heroku.com/reports?s=0jkb3LkKbfA56wCDyKYB2o7SpFq6KLSFTEb0IFdGWVc%3D\\u0026sid=c46efe9b-d3d2-4a0c-8c76-bfafa16c5add\\u0026ts=1748045209"}],"max_age":3600}', 'Reporting-Endpoints': 'heroku-nel="https://nel.heroku.com/reports?s=0jkb3LkKbfA56wCDyKYB2o7SpFq6KLSFTEb0IFdGWVc%3D&amp;sid=c46efe9b-d3d2-4a0c-8c76-bfafa16c5add&amp;ts=1748045209"', 'Server': 'Heroku', 'Via': '1.1 heroku-router', 'X-Powered-By': 'Express'} 
 body={"bookingid":2623,"booking":{"firstname":"Jim","lastname":"Brown","totalprice":111,"depositpaid":true,"bookingdates":{"checkin":"2018-01-01","checkout":"2019-01-01"},"additionalneeds":"breakfast"}} 
 </msg>
<msg time="2025-05-23T21:06:49.422254" level="INFO">C:\03 - Projetos\AWS_QE_MAR25\Sprint 5_RobotFramework\.venv\Lib\site-packages\urllib3\connectionpool.py:1097: InsecureRequestWarning: Unverified HTTPS request is being made to host 'restful-booker.herokuapp.com'. Adding certificate verification is strongly advised. See: https://urllib3.readthedocs.io/en/latest/advanced-usage.html#tls-warnings
  warnings.warn(</msg>
<msg time="2025-05-23T21:06:49.437914" level="INFO">${response} = &lt;Response [200]&gt;</msg>
<var>${response}</var>
<arg>bookings</arg>
<arg>/booking</arg>
<arg>json=${booking_data}</arg>
<doc>Sends a POST request on a previously created HTTP Session.</doc>
<status status="PASS" start="2025-05-23T21:06:48.794141" elapsed="0.644350"/>
</kw>
<kw name="Status Should Be" owner="RequestsLibrary">
<arg>200</arg>
<arg>${response}</arg>
<doc>Fails if response status code is different than the expected.</doc>
<status status="PASS" start="2025-05-23T21:06:49.451141" elapsed="0.001339"/>
</kw>
<kw name="Get Value From Json" owner="JSONLibrary">
<msg time="2025-05-23T21:06:49.536492" level="INFO">${bookingid} = [2623]</msg>
<var>${bookingid}</var>
<arg>${response.json()}</arg>
<arg>bookingid</arg>
<doc>Get Value From JSON using JSONPath</doc>
<status status="PASS" start="2025-05-23T21:06:49.454803" elapsed="0.081914"/>
</kw>
<kw name="Set Suite Variable" owner="BuiltIn">
<msg time="2025-05-23T21:06:49.538033" level="INFO">${bookingid} = [2623]</msg>
<arg>${bookingid}</arg>
<doc>Makes a variable available everywhere within the scope of the current suite.</doc>
<status status="PASS" start="2025-05-23T21:06:49.537462" elapsed="0.001057"/>
</kw>
<status status="PASS" start="2025-05-23T21:06:48.781262" elapsed="0.767991"/>
</test>
<test id="s1-t3" name="Cenário 3: atualizar reserva com token" line="33">
<kw name="Create Auth Token" owner="keywords">
<kw name="Create Session" owner="RequestsLibrary">
<msg time="2025-05-23T21:06:49.554734" level="INFO">Creating Session using : alias=auth, url=https://restful-booker.herokuapp.com, headers={},                     cookies={}, auth=None, timeout=None, proxies=None, verify=False,                     debug=0 </msg>
<arg>auth</arg>
<arg>${base_url}</arg>
<doc>Create Session: create a HTTP session to a server</doc>
<status status="PASS" start="2025-05-23T21:06:49.554311" elapsed="0.001335"/>
</kw>
<kw name="Create Dictionary" owner="BuiltIn">
<msg time="2025-05-23T21:06:49.557023" level="INFO">${auth_body} = {'username': 'admin', 'password': 'password123'}</msg>
<var>${auth_body}</var>
<arg>username=admin</arg>
<arg>password=password123</arg>
<doc>Creates and returns a dictionary based on the given ``items``.</doc>
<status status="PASS" start="2025-05-23T21:06:49.556312" elapsed="0.000969"/>
</kw>
<kw name="POST On Session" owner="RequestsLibrary">
<msg time="2025-05-23T21:06:50.185570" level="INFO">POST Request : url=https://restful-booker.herokuapp.com/auth 
 path_url=/auth 
 headers={'User-Agent': 'python-requests/2.32.3', 'Accept-Encoding': 'gzip, deflate', 'Accept': '*/*', 'Connection': 'keep-alive', 'Content-Length': '48', 'Content-Type': 'application/json'} 
 body=b'{"username": "admin", "password": "password123"}' 
 </msg>
<msg time="2025-05-23T21:06:50.186564" level="INFO">POST Response : url=https://restful-booker.herokuapp.com/auth 
 status=200, reason=OK 
 headers={'Content-Length': '27', 'Content-Type': 'application/json; charset=utf-8', 'Date': 'Sat, 24 May 2025 00:06:50 GMT', 'Etag': 'W/"1b-AKNUoKPnOeNn1mT4ab0S3uVceNI"', 'Nel': '{"report_to":"heroku-nel","response_headers":["Via"],"max_age":3600,"success_fraction":0.01,"failure_fraction":0.1}', 'Report-To': '{"group":"heroku-nel","endpoints":[{"url":"https://nel.heroku.com/reports?s=rJrLaiZuNzpS72HW%2FGTNlzjCFafdK%2BbIaWwCCG1tqOs%3D\\u0026sid=c46efe9b-d3d2-4a0c-8c76-bfafa16c5add\\u0026ts=1748045210"}],"max_age":3600}', 'Reporting-Endpoints': 'heroku-nel="https://nel.heroku.com/reports?s=rJrLaiZuNzpS72HW%2FGTNlzjCFafdK%2BbIaWwCCG1tqOs%3D&amp;sid=c46efe9b-d3d2-4a0c-8c76-bfafa16c5add&amp;ts=1748045210"', 'Server': 'Heroku', 'Via': '1.1 heroku-router', 'X-Powered-By': 'Express'} 
 body={"token":"7333417a626f6c4"} 
 </msg>
<msg time="2025-05-23T21:06:50.187731" level="INFO">C:\03 - Projetos\AWS_QE_MAR25\Sprint 5_RobotFramework\.venv\Lib\site-packages\urllib3\connectionpool.py:1097: InsecureRequestWarning: Unverified HTTPS request is being made to host 'restful-booker.herokuapp.com'. Adding certificate verification is strongly advised. See: https://urllib3.readthedocs.io/en/latest/advanced-usage.html#tls-warnings
  warnings.warn(</msg>
<msg time="2025-05-23T21:06:50.214302" level="INFO">${response} = &lt;Response [200]&gt;</msg>
<var>${response}</var>
<arg>auth</arg>
<arg>/auth</arg>
<arg>json=${auth_body}</arg>
<doc>Sends a POST request on a previously created HTTP Session.</doc>
<status status="PASS" start="2025-05-23T21:06:49.557742" elapsed="0.659066"/>
</kw>
<kw name="Get Value From Json" owner="JSONLibrary">
<msg time="2025-05-23T21:06:50.304183" level="INFO">${token} = ['7333417a626f6c4']</msg>
<var>${token}</var>
<arg>${response.json()}</arg>
<arg>token</arg>
<doc>Get Value From JSON using JSONPath</doc>
<status status="PASS" start="2025-05-23T21:06:50.217382" elapsed="0.087035"/>
</kw>
<return>
<value>${token}</value>
<status status="PASS" start="2025-05-23T21:06:50.304575" elapsed="0.000171"/>
</return>
<msg time="2025-05-23T21:06:50.305026" level="INFO">${token} = ['7333417a626f6c4']</msg>
<var>${token}</var>
<status status="PASS" start="2025-05-23T21:06:49.553526" elapsed="0.751656"/>
</kw>
<kw name="Log" owner="BuiltIn">
<msg time="2025-05-23T21:06:50.311305" level="INFO">Token gerado: ['7333417a626f6c4']</msg>
<arg>Token gerado: ${token}</arg>
<doc>Logs the given message with the given level.</doc>
<status status="PASS" start="2025-05-23T21:06:50.309351" elapsed="0.003556"/>
</kw>
<kw name="Set Variable" owner="BuiltIn">
<msg time="2025-05-23T21:06:50.322686" level="INFO">${cookie} = token=['7333417a626f6c4']</msg>
<var>${cookie}</var>
<arg>token=${token}</arg>
<doc>Returns the given values which can then be assigned to a variables.</doc>
<status status="PASS" start="2025-05-23T21:06:50.321943" elapsed="0.001206"/>
</kw>
<kw name="Create Dictionary" owner="BuiltIn">
<msg time="2025-05-23T21:06:50.331562" level="INFO">${headers} = {'Cookie': "token=['7333417a626f6c4']"}</msg>
<var>${headers}</var>
<arg>Cookie=${cookie}</arg>
<doc>Creates and returns a dictionary based on the given ``items``.</doc>
<status status="PASS" start="2025-05-23T21:06:50.330809" elapsed="0.001004"/>
</kw>
<kw name="Create Session" owner="RequestsLibrary">
<msg time="2025-05-23T21:06:50.336270" level="INFO">Creating Session using : alias=update, url=https://restful-booker.herokuapp.com, headers={'Cookie': "token=['7333417a626f6c4']"},                     cookies={}, auth=None, timeout=None, proxies=None, verify=False,                     debug=0 </msg>
<arg>update</arg>
<arg>${base_url}</arg>
<arg>headers=${headers}</arg>
<doc>Create Session: create a HTTP session to a server</doc>
<status status="PASS" start="2025-05-23T21:06:50.334493" elapsed="0.003148"/>
</kw>
<kw name="Create Dictionary" owner="BuiltIn">
<msg time="2025-05-23T21:06:50.350075" level="INFO">${dates} = {'checkin': '2018-01-01', 'checkout': '2019-01-01'}</msg>
<var>${dates}</var>
<arg>checkin=2018-01-01</arg>
<arg>checkout=2019-01-01</arg>
<doc>Creates and returns a dictionary based on the given ``items``.</doc>
<status status="PASS" start="2025-05-23T21:06:50.349106" elapsed="0.001357"/>
</kw>
<kw name="Create Dictionary" owner="BuiltIn">
<msg time="2025-05-23T21:06:50.372681" level="INFO">${update_data} = {'firstname': 'james', 'lastname': 'brown', 'totalprice': '111', 'depositpaid': 'true', 'bookingdates': {'checkin': '2018-01-01', 'checkout': '2019-01-01'}, 'additionalneeds': 'breakfast'}</msg>
<var>${update_data}</var>
<arg>firstname=james</arg>
<arg>lastname=brown</arg>
<arg>totalprice=111</arg>
<arg>depositpaid=true</arg>
<arg>bookingdates=${dates}</arg>
<arg>additionalneeds=breakfast</arg>
<doc>Creates and returns a dictionary based on the given ``items``.</doc>
<status status="PASS" start="2025-05-23T21:06:50.366501" elapsed="0.007278"/>
</kw>
<kw name="Log" owner="BuiltIn">
<msg time="2025-05-23T21:06:50.386801" level="INFO">Booking ID sendo usado: [2623]</msg>
<arg>Booking ID sendo usado: ${bookingid}</arg>
<doc>Logs the given message with the given level.</doc>
<status status="PASS" start="2025-05-23T21:06:50.386066" elapsed="0.001120"/>
</kw>
<kw name="Log" owner="BuiltIn">
<msg time="2025-05-23T21:06:50.395973" level="INFO">Dados para atualização: {'firstname': 'james', 'lastname': 'brown', 'totalprice': '111', 'depositpaid': 'true', 'bookingdates': {'checkin': '2018-01-01', 'checkout': '2019-01-01'}, 'additionalneeds': 'breakfast'}</msg>
<arg>Dados para atualização: ${update_data}</arg>
<doc>Logs the given message with the given level.</doc>
<status status="PASS" start="2025-05-23T21:06:50.395365" elapsed="0.000930"/>
</kw>
<kw name="PUT On Session" owner="RequestsLibrary">
<msg time="2025-05-23T21:06:50.891334" level="INFO">PUT Request : url=https://restful-booker.herokuapp.com/booking/%5B2623%5D 
 path_url=/booking/%5B2623%5D 
 headers={'User-Agent': 'python-requests/2.32.3', 'Accept-Encoding': 'gzip, deflate', 'Accept': '*/*', 'Connection': 'keep-alive', 'Cookie': "token=['7333417a626f6c4']", 'Content-Length': '188', 'Content-Type': 'application/json'} 
 body=b'{"firstname": "james", "lastname": "brown", "totalprice": "111", "depositpaid": "true", "bookingdates": {"checkin": "2018-01-01", "checkout": "2019-01-01"}, "additionalneeds": "breakfast"}' 
 </msg>
<msg time="2025-05-23T21:06:50.891700" level="INFO">PUT Response : url=https://restful-booker.herokuapp.com/booking/%5B2623%5D 
 status=403, reason=Forbidden 
 headers={'Content-Length': '9', 'Content-Type': 'text/plain; charset=utf-8', 'Date': 'Sat, 24 May 2025 00:06:50 GMT', 'Etag': 'W/"9-PatfYBLj4Um1qTm5zrukoLhNyPU"', 'Nel': '{"report_to":"heroku-nel","response_headers":["Via"],"max_age":3600,"success_fraction":0.01,"failure_fraction":0.1}', 'Report-To': '{"group":"heroku-nel","endpoints":[{"url":"https://nel.heroku.com/reports?s=rJrLaiZuNzpS72HW%2FGTNlzjCFafdK%2BbIaWwCCG1tqOs%3D\\u0026sid=c46efe9b-d3d2-4a0c-8c76-bfafa16c5add\\u0026ts=1748045210"}],"max_age":3600}', 'Reporting-Endpoints': 'heroku-nel="https://nel.heroku.com/reports?s=rJrLaiZuNzpS72HW%2FGTNlzjCFafdK%2BbIaWwCCG1tqOs%3D&amp;sid=c46efe9b-d3d2-4a0c-8c76-bfafa16c5add&amp;ts=1748045210"', 'Server': 'Heroku', 'Via': '1.1 heroku-router', 'X-Powered-By': 'Express'} 
 body=Forbidden 
 </msg>
<msg time="2025-05-23T21:06:50.891979" level="INFO">C:\03 - Projetos\AWS_QE_MAR25\Sprint 5_RobotFramework\.venv\Lib\site-packages\urllib3\connectionpool.py:1097: InsecureRequestWarning: Unverified HTTPS request is being made to host 'restful-booker.herokuapp.com'. Adding certificate verification is strongly advised. See: https://urllib3.readthedocs.io/en/latest/advanced-usage.html#tls-warnings
  warnings.warn(</msg>
<msg time="2025-05-23T21:06:50.893388" level="FAIL">HTTPError: 403 Client Error: Forbidden for url: https://restful-booker.herokuapp.com/booking/%5B2623%5D</msg>
<var>${response}</var>
<arg>update</arg>
<arg>/booking/${bookingid}</arg>
<arg>json=${update_data}</arg>
<doc>Sends a PUT request on a previously created HTTP Session.</doc>
<status status="FAIL" start="2025-05-23T21:06:50.423334" elapsed="0.478363">HTTPError: 403 Client Error: Forbidden for url: https://restful-booker.herokuapp.com/booking/%5B2623%5D</status>
</kw>
<kw name="Status Should Be" owner="RequestsLibrary">
<arg>200</arg>
<arg>${response}</arg>
<doc>Fails if response status code is different than the expected.</doc>
<status status="NOT RUN" start="2025-05-23T21:06:50.903832" elapsed="0.000367"/>
</kw>
<kw name="Log" owner="BuiltIn">
<arg>Resposta da atualização: ${response.text}</arg>
<doc>Logs the given message with the given level.</doc>
<status status="NOT RUN" start="2025-05-23T21:06:50.905852" elapsed="0.000248"/>
</kw>
<status status="FAIL" start="2025-05-23T21:06:49.551943" elapsed="1.356551">HTTPError: 403 Client Error: Forbidden for url: https://restful-booker.herokuapp.com/booking/%5B2623%5D</status>
</test>
<status status="FAIL" start="2025-05-23T21:06:46.348784" elapsed="4.563873"/>
</suite>
<statistics>
<total>
<stat pass="2" fail="1" skip="0">All Tests</stat>
</total>
<tag>
</tag>
<suite>
<stat name="Api Tests" id="s1" pass="2" fail="1" skip="0">Api Tests</stat>
</suite>
</statistics>
<errors>
<msg time="2025-05-23T21:06:47.305172" level="WARN">Error in file 'c:\03 - Projetos\AWS_QE_MAR25\Sprint 5_RobotFramework\resources\keywords.robot' on line 42: The '[Return]' setting is deprecated. Use the 'RETURN' statement instead.</msg>
</errors>
</robot>
