<?xml version="1.0" encoding="UTF-8"?>
<robot generator="Robot 7.2.2 (Python 3.13.3 on win32)" generated="2025-05-23T21:11:19.609136" rpa="false" schemaversion="5">
<suite id="s1" name="Api Tests" source="c:\03 - Projetos\AWS_QE_MAR25\Sprint 5_RobotFramework\tests\api_tests.robot">
<kw name="Criar Reserva Inicial" owner="keywords" type="SETUP">
<kw name="Create Session" owner="RequestsLibrary">
<msg time="2025-05-23T21:11:20.693962" level="INFO">Creating Session using : alias=bookings, url=https://restful-booker.herokuapp.com, headers={},                     cookies={}, auth=None, timeout=None, proxies=None, verify=False,                     debug=0 </msg>
<arg>bookings</arg>
<arg>${base_url}</arg>
<doc>Create Session: create a HTTP session to a server</doc>
<status status="PASS" start="2025-05-23T21:11:20.693327" elapsed="0.006337"/>
</kw>
<kw name="Create Dictionary" owner="BuiltIn">
<msg time="2025-05-23T21:11:20.710501" level="INFO">${booking_data} = {'firstname': 'Jim', 'lastname': 'Brown', 'totalprice': '111', 'depositpaid': 'true'}</msg>
<var>${booking_data}</var>
<arg>firstname=Jim</arg>
<arg>lastname=Brown</arg>
<arg>totalprice=111</arg>
<arg>depositpaid=true</arg>
<doc>Creates and returns a dictionary based on the given ``items``.</doc>
<status status="PASS" start="2025-05-23T21:11:20.700425" elapsed="0.010447"/>
</kw>
<kw name="Create Dictionary" owner="BuiltIn">
<msg time="2025-05-23T21:11:20.711950" level="INFO">${dates} = {'checkin': '2018-01-01', 'checkout': '2019-01-01'}</msg>
<var>${dates}</var>
<arg>checkin=2018-01-01</arg>
<arg>checkout=2019-01-01</arg>
<doc>Creates and returns a dictionary based on the given ``items``.</doc>
<status status="PASS" start="2025-05-23T21:11:20.711335" elapsed="0.000935"/>
</kw>
<kw name="Set To Dictionary" owner="Collections">
<arg>${booking_data}</arg>
<arg>bookingdates=${dates}</arg>
<doc>Adds the given ``key_value_pairs`` and/or ``items`` to the ``dictionary``.</doc>
<status status="PASS" start="2025-05-23T21:11:20.712848" elapsed="0.001032"/>
</kw>
<kw name="Set To Dictionary" owner="Collections">
<arg>${booking_data}</arg>
<arg>additionalneeds=breakfast</arg>
<doc>Adds the given ``key_value_pairs`` and/or ``items`` to the ``dictionary``.</doc>
<status status="PASS" start="2025-05-23T21:11:20.714798" elapsed="0.000627"/>
</kw>
<kw name="POST On Session" owner="RequestsLibrary">
<msg time="2025-05-23T21:11:21.360011" level="INFO">POST Request : url=https://restful-booker.herokuapp.com/booking 
 path_url=/booking 
 headers={'User-Agent': 'python-requests/2.32.3', 'Accept-Encoding': 'gzip, deflate', 'Accept': '*/*', 'Connection': 'keep-alive', 'Content-Length': '186', 'Content-Type': 'application/json'} 
 body=b'{"firstname": "Jim", "lastname": "Brown", "totalprice": "111", "depositpaid": "true", "bookingdates": {"checkin": "2018-01-01", "checkout": "2019-01-01"}, "additionalneeds": "breakfast"}' 
 </msg>
<msg time="2025-05-23T21:11:21.360524" level="INFO">POST Response : url=https://restful-booker.herokuapp.com/booking 
 status=200, reason=OK 
 headers={'Content-Length': '196', 'Content-Type': 'application/json; charset=utf-8', 'Date': 'Sat, 24 May 2025 00:11:21 GMT', 'Etag': 'W/"c4-l2UEfvSds3ZqA/lPQ8InSejcIbg"', 'Nel': '{"report_to":"heroku-nel","response_headers":["Via"],"max_age":3600,"success_fraction":0.01,"failure_fraction":0.1}', 'Report-To': '{"group":"heroku-nel","endpoints":[{"url":"https://nel.heroku.com/reports?s=0IZzumU2i%2FW90xIjyGbN1ZOl0tpmb40eg8TqZUu1M6g%3D\\u0026sid=c46efe9b-d3d2-4a0c-8c76-bfafa16c5add\\u0026ts=1748045481"}],"max_age":3600}', 'Reporting-Endpoints': 'heroku-nel="https://nel.heroku.com/reports?s=0IZzumU2i%2FW90xIjyGbN1ZOl0tpmb40eg8TqZUu1M6g%3D&amp;sid=c46efe9b-d3d2-4a0c-8c76-bfafa16c5add&amp;ts=1748045481"', 'Server': 'Heroku', 'Via': '1.1 heroku-router', 'X-Powered-By': 'Express'} 
 body={"bookingid":593,"booking":{"firstname":"Jim","lastname":"Brown","totalprice":111,"depositpaid":true,"bookingdates":{"checkin":"2018-01-01","checkout":"2019-01-01"},"additionalneeds":"breakfast"}} 
 </msg>
<msg time="2025-05-23T21:11:21.360864" level="INFO">C:\03 - Projetos\AWS_QE_MAR25\Sprint 5_RobotFramework\.venv\Lib\site-packages\urllib3\connectionpool.py:1097: InsecureRequestWarning: Unverified HTTPS request is being made to host 'restful-booker.herokuapp.com'. Adding certificate verification is strongly advised. See: https://urllib3.readthedocs.io/en/latest/advanced-usage.html#tls-warnings
  warnings.warn(</msg>
<msg time="2025-05-23T21:11:21.362297" level="INFO">${response} = &lt;Response [200]&gt;</msg>
<var>${response}</var>
<arg>bookings</arg>
<arg>/booking</arg>
<arg>json=${booking_data}</arg>
<doc>Sends a POST request on a previously created HTTP Session.</doc>
<status status="PASS" start="2025-05-23T21:11:20.715886" elapsed="0.646846"/>
</kw>
<kw name="Convert To Dictionary" owner="Collections">
<msg time="2025-05-23T21:11:21.364802" level="INFO">${response_json} = {'bookingid': 593, 'booking': {'firstname': 'Jim', 'lastname': 'Brown', 'totalprice': 111, 'depositpaid': True, 'bookingdates': {'checkin': '2018-01-01', 'checkout': '2019-01-01'}, 'additionalneeds': ...</msg>
<var>${response_json}</var>
<arg>${response.json()}</arg>
<doc>Converts the given ``item`` to a Python ``dict`` type.</doc>
<status status="PASS" start="2025-05-23T21:11:21.363390" elapsed="0.001713"/>
</kw>
<kw name="Log" owner="BuiltIn">
<msg time="2025-05-23T21:11:21.367124" level="INFO">JSON da resposta da criação: {'bookingid': 593, 'booking': {'firstname': 'Jim', 'lastname': 'Brown', 'totalprice': 111, 'depositpaid': True, 'bookingdates': {'checkin': '2018-01-01', 'checkout': '2019-01-01'}, 'additionalneeds': 'breakfast'}}</msg>
<arg>JSON da resposta da criação: ${response_json}</arg>
<doc>Logs the given message with the given level.</doc>
<status status="PASS" start="2025-05-23T21:11:21.365512" elapsed="0.002209"/>
</kw>
<kw name="Get From Dictionary" owner="Collections">
<msg time="2025-05-23T21:11:21.368773" level="INFO">${bookingid_raw} = 593</msg>
<var>${bookingid_raw}</var>
<arg>${response_json}</arg>
<arg>bookingid</arg>
<doc>Returns a value from the given ``dictionary`` based on the given ``key``.</doc>
<status status="PASS" start="2025-05-23T21:11:21.368134" elapsed="0.000911"/>
</kw>
<kw name="Log" owner="BuiltIn">
<msg time="2025-05-23T21:11:21.369959" level="INFO">Booking ID extraído: 593</msg>
<arg>Booking ID extraído: ${bookingid_raw}</arg>
<doc>Logs the given message with the given level.</doc>
<status status="PASS" start="2025-05-23T21:11:21.369458" elapsed="0.000916"/>
</kw>
<kw name="Run Keyword If" owner="BuiltIn">
<kw name="Set Variable" owner="BuiltIn">
<arg>${bookingid_raw}</arg>
<doc>Returns the given values which can then be assigned to a variables.</doc>
<status status="PASS" start="2025-05-23T21:11:21.372134" elapsed="0.000639"/>
</kw>
<msg time="2025-05-23T21:11:21.373194" level="INFO">${bookingid} = 593</msg>
<var>${bookingid}</var>
<arg>'${bookingid_raw}'[0] == '['</arg>
<arg>Get From List</arg>
<arg>${bookingid_raw}</arg>
<arg>0</arg>
<arg>ELSE</arg>
<arg>Set Variable</arg>
<arg>${bookingid_raw}</arg>
<doc>Runs the given keyword with the given arguments, if ``condition`` is true.</doc>
<status status="PASS" start="2025-05-23T21:11:21.370937" elapsed="0.002569"/>
</kw>
<kw name="Log" owner="BuiltIn">
<msg time="2025-05-23T21:11:21.374631" level="INFO">Booking ID final: 593</msg>
<arg>Booking ID final: ${bookingid}</arg>
<doc>Logs the given message with the given level.</doc>
<status status="PASS" start="2025-05-23T21:11:21.374003" elapsed="0.000948"/>
</kw>
<kw name="Set Suite Variable" owner="BuiltIn">
<msg time="2025-05-23T21:11:21.375815" level="INFO">${bookingid} = 593</msg>
<arg>${bookingid}</arg>
<doc>Makes a variable available everywhere within the scope of the current suite.</doc>
<status status="PASS" start="2025-05-23T21:11:21.375312" elapsed="0.000739"/>
</kw>
<kw name="Log" owner="BuiltIn">
<msg time="2025-05-23T21:11:21.376786" level="INFO">Booking ID extraído: 593</msg>
<arg>Booking ID extraído: ${bookingid}</arg>
<doc>Logs the given message with the given level.</doc>
<status status="PASS" start="2025-05-23T21:11:21.376388" elapsed="0.000633"/>
</kw>
<kw name="Set Suite Variable" owner="BuiltIn">
<msg time="2025-05-23T21:11:21.378115" level="INFO">${bookingid} = 593</msg>
<arg>${bookingid}</arg>
<doc>Makes a variable available everywhere within the scope of the current suite.</doc>
<status status="PASS" start="2025-05-23T21:11:21.377609" elapsed="0.001534"/>
</kw>
<status status="PASS" start="2025-05-23T21:11:20.690111" elapsed="0.689321"/>
</kw>
<test id="s1-t1" name="Cenário 1: obter todos os ids de reservas" line="10">
<kw name="Create Session" owner="RequestsLibrary">
<msg time="2025-05-23T21:11:21.426063" level="INFO">Creating Session using : alias=bookings, url=https://restful-booker.herokuapp.com, headers={},                     cookies={}, auth=None, timeout=None, proxies=None, verify=False,                     debug=0 </msg>
<arg>bookings</arg>
<arg>${base_url}</arg>
<doc>Create Session: create a HTTP session to a server</doc>
<status status="PASS" start="2025-05-23T21:11:21.425322" elapsed="0.002873"/>
</kw>
<kw name="GET On Session" owner="RequestsLibrary">
<msg time="2025-05-23T21:11:21.961497" level="INFO">GET Request : url=https://restful-booker.herokuapp.com/booking 
 path_url=/booking 
 headers={'User-Agent': 'python-requests/2.32.3', 'Accept-Encoding': 'gzip, deflate', 'Accept': '*/*', 'Connection': 'keep-alive'} 
 body=None 
 </msg>
<msg time="2025-05-23T21:11:21.962003" level="INFO">GET Response : url=https://restful-booker.herokuapp.com/booking 
 status=200, reason=OK 
 headers={'Content-Length': '7732', 'Content-Type': 'application/json; charset=utf-8', 'Date': 'Sat, 24 May 2025 00:11:21 GMT', 'Etag': 'W/"1e34-U68PmX/I65l2YR2UoBDXPd3gsF4"', 'Nel': '{"report_to":"heroku-nel","response_headers":["Via"],"max_age":3600,"success_fraction":0.01,"failure_fraction":0.1}', 'Report-To': '{"group":"heroku-nel","endpoints":[{"url":"https://nel.heroku.com/reports?s=0IZzumU2i%2FW90xIjyGbN1ZOl0tpmb40eg8TqZUu1M6g%3D\\u0026sid=c46efe9b-d3d2-4a0c-8c76-bfafa16c5add\\u0026ts=1748045481"}],"max_age":3600}', 'Reporting-Endpoints': 'heroku-nel="https://nel.heroku.com/reports?s=0IZzumU2i%2FW90xIjyGbN1ZOl0tpmb40eg8TqZUu1M6g%3D&amp;sid=c46efe9b-d3d2-4a0c-8c76-bfafa16c5add&amp;ts=1748045481"', 'Server': 'Heroku', 'Via': '1.1 heroku-router', 'X-Powered-By': 'Express'} 
 body=[{"bookingid":564},{"bookingid":218},{"bookingid":573},{"bookingid":297},{"bookingid":145},{"bookingid":497},{"bookingid":40},{"bookingid":155},{"bookingid":199},{"bookingid":147},{"bookingid":331},{"bookingid":366},{"bookingid":428},{"bookingid":290},{"bookingid":492},{"bookingid":422},{"bookingid":14},{"bookingid":488},{"bookingid":244},{"bookingid":108},{"bookingid":264},{"bookingid":71},{"bookingid":176},{"bookingid":110},{"bookingid":484},{"bookingid":463},{"bookingid":412},{"bookingid":66},{"bookingid":449},{"bookingid":513},{"bookingid":466},{"bookingid":323},{"bookingid":130},{"bookingid":340},{"bookingid":537},{"bookingid":534},{"bookingid":68},{"bookingid":408},{"bookingid":442},{"bookingid":576},{"bookingid":347},{"bookingid":44},{"bookingid":365},{"bookingid":581},{"bookingid":588},{"bookingid":33},{"bookingid":195},{"bookingid":593},{"bookingid":542},{"bookingid":204},{"bookingid":499},{"bookingid":24},{"bookingid":551},{"bookingid":99},{"bookingid":63},{"bookingid":5},{"bookingid":332},{"bookingid":338},{"bookingid":215},{"bookingid":431},{"bookingid":490},{"bookingid":525},{"bookingid":269},{"bookingid":585},{"bookingid":246},{"bookingid":372},{"bookingid":157},{"bookingid":531},{"bookingid":457},{"bookingid":380},{"bookingid":188},{"bookingid":170},{"bookingid":49},{"bookingid":143},{"bookingid":562},{"bookingid":111},{"bookingid":329},{"bookingid":69},{"bookingid":446},{"bookingid":117},{"bookingid":493},{"bookingid":410},{"bookingid":98},{"bookingid":418},{"bookingid":409},{"bookingid":522},{"bookingid":398},{"bookingid":376},{"bookingid":74},{"bookingid":411},{"bookingid":236},{"bookingid":50},{"bookingid":322},{"bookingid":554},{"bookingid":140},{"bookingid":177},{"bookingid":548},{"bookingid":396},{"bookingid":485},{"bookingid":447},{"bookingid":2},{"bookingid":333},{"bookingid":127},{"bookingid":462},{"bookingid":477},{"bookingid":89},{"bookingid":205},{"bookingid":266},{"bookingid":107},{"bookingid":325},{"bookingid":77},{"bookingid":589},{"bookingid":553},{"bookingid":401},{"bookingid":532},{"bookingid":257},{"bookingid":135},{"bookingid":161},{"bookingid":387},{"bookingid":112},{"bookingid":543},{"bookingid":362},{"bookingid":152},{"bookingid":502},{"bookingid":486},{"bookingid":103},{"bookingid":568},{"bookingid":473},{"bookingid":506},{"bookingid":198},{"bookingid":51},{"bookingid":150},{"bookingid":345},{"bookingid":154},{"bookingid":212},{"bookingid":239},{"bookingid":220},{"bookingid":139},{"bookingid":561},{"bookingid":104},{"bookingid":122},{"bookingid":75},{"bookingid":567},{"bookingid":287},{"bookingid":511},{"bookingid":560},{"bookingid":4},{"bookingid":34},{"bookingid":114},{"bookingid":276},{"bookingid":433},{"bookingid":280},{"bookingid":566},{"bookingid":455},{"bookingid":558},{"bookingid":350},{"bookingid":146},{"bookingid":181},{"bookingid":191},{"bookingid":173},{"bookingid":53},{"bookingid":364},{"bookingid":60},{"bookingid":46},{"bookingid":467},{"bookingid":556},{"bookingid":582},{"bookingid":45},{"bookingid":184},{"bookingid":383},{"bookingid":572},{"bookingid":491},{"bookingid":439},{"bookingid":25},{"bookingid":361},{"bookingid":514},{"bookingid":237},{"bookingid":73},{"bookingid":81},{"bookingid":91},{"bookingid":344},{"bookingid":12},{"bookingid":289},{"bookingid":415},{"bookingid":247},{"bookingid":217},{"bookingid":6},{"bookingid":30},{"bookingid":194},{"bookingid":175},{"bookingid":227},{"bookingid":10},{"bookingid":583},{"bookingid":197},{"bookingid":137},{"bookingid":302},{"bookingid":159},{"bookingid":142},{"bookingid":324},{"bookingid":113},{"bookingid":495},{"bookingid":163},{"bookingid":16},{"bookingid":47},{"bookingid":301},{"bookingid":546},{"bookingid":106},{"bookingid":284},{"bookingid":379},{"bookingid":403},{"bookingid":38},{"bookingid":293},{"bookingid":355},{"bookingid":179},{"bookingid":518},{"bookingid":19},{"bookingid":517},{"bookingid":242},{"bookingid":15},{"bookingid":358},{"bookingid":316},{"bookingid":32},{"bookingid":519},{"bookingid":36},{"bookingid":469},{"bookingid":578},{"bookingid":385},{"bookingid":214},{"bookingid":590},{"bookingid":164},{"bookingid":470},{"bookingid":203},{"bookingid":55},{"bookingid":223},{"bookingid":233},{"bookingid":580},{"bookingid":48},{"bookingid":208},{"bookingid":295},{"bookingid":248},{"bookingid":309},{"bookingid":18},{"bookingid":172},{"bookingid":312},{"bookingid":569},{"bookingid":61},{"bookingid":390},{"bookingid":268},{"bookingid":496},{"bookingid":94},{"bookingid":226},{"bookingid":228},{"bookingid":275},{"bookingid":162},{"bookingid":272},{"bookingid":156},{"bookingid":8},{"bookingid":64},{"bookingid":72},{"bookingid":400},{"bookingid":405},{"bookingid":307},{"bookingid":13},{"bookingid":128},{"bookingid":450},{"bookingid":35},{"bookingid":39},{"bookingid":132},{"bookingid":187},{"bookingid":550},{"bookingid":90},{"bookingid":17},{"bookingid":310},{"bookingid":256},{"bookingid":395},{"bookingid":527},{"bookingid":327},{"bookingid":436},{"bookingid":102},{"bookingid":221},{"bookingid":149},{"bookingid":229},{"bookingid":138},{"bookingid":291},{"bookingid":481},{"bookingid":202},{"bookingid":134},{"bookingid":262},{"bookingid":131},{"bookingid":21},{"bookingid":281},{"bookingid":118},{"bookingid":535},{"bookingid":311},{"bookingid":27},{"bookingid":524},{"bookingid":222},{"bookingid":575},{"bookingid":95},{"bookingid":393},{"bookingid":119},{"bookingid":370},{"bookingid":460},{"bookingid":92},{"bookingid":182},{"bookingid":353},{"bookingid":435},{"bookingid":373},{"bookingid":54},{"bookingid":79},{"bookingid":84},{"bookingid":574},{"bookingid":425},{"bookingid":273},{"bookingid":28},{"bookingid":20},{"bookingid":508},{"bookingid":476},{"bookingid":308},{"bookingid":121},{"bookingid":133},{"bookingid":407},{"bookingid":594},{"bookingid":22},{"bookingid":386},{"bookingid":238},{"bookingid":11},{"bookingid":441},{"bookingid":251},{"bookingid":42},{"bookingid":512},{"bookingid":429},{"bookingid":41},{"bookingid":254},{"bookingid":299},{"bookingid":509},{"bookingid":52},{"bookingid":586},{"bookingid":160},{"bookingid":501},{"bookingid":56},{"bookingid":67},{"bookingid":334},{"bookingid":82},{"bookingid":279},{"bookingid":88},{"bookingid":382},{"bookingid":70},{"bookingid":479},{"bookingid":472},{"bookingid":406},{"bookingid":352},{"bookingid":258},{"bookingid":540},{"bookingid":253},{"bookingid":348},{"bookingid":97},{"bookingid":319},{"bookingid":9},{"bookingid":3},{"bookingid":277},{"bookingid":211},{"bookingid":521},{"bookingid":232},{"bookingid":595},{"bookingid":528},{"bookingid":100},{"bookingid":424},{"bookingid":434},{"bookingid":26},{"bookingid":475},{"bookingid":169},{"bookingid":318},{"bookingid":124},{"bookingid":126},{"bookingid":43},{"bookingid":120},{"bookingid":105},{"bookingid":189},{"bookingid":328},{"bookingid":371},{"bookingid":85},{"bookingid":454},{"bookingid":58},{"bookingid":296},{"bookingid":65},{"bookingid":419},{"bookingid":478},{"bookingid":545},{"bookingid":76},{"bookingid":185},{"bookingid":23},{"bookingid":557},{"bookingid":209},{"bookingid":80},{"bookingid":421},{"bookingid":285},{"bookingid":270},{"bookingid":341},{"bookingid":392},{"bookingid":192},{"bookingid":456},{"bookingid":377},{"bookingid":304},{"bookingid":240},{"bookingid":426},{"bookingid":83},{"bookingid":29},{"bookingid":7},{"bookingid":448},{"bookingid":234},{"bookingid":357},{"bookingid":539},{"bookingid":245},{"bookingid":440},{"bookingid":86},{"bookingid":165},{"bookingid":343},{"bookingid":356},{"bookingid":263},{"bookingid":337},{"bookingid":62},{"bookingid":260},{"bookingid":530},{"bookingid":498},{"bookingid":461},{"bookingid":317},{"bookingid":389},{"bookingid":363},{"bookingid":125},{"bookingid":445},{"bookingid":96},{"bookingid":503},{"bookingid":305},{"bookingid":404}] 
 </msg>
<msg time="2025-05-23T21:11:21.962753" level="INFO">C:\03 - Projetos\AWS_QE_MAR25\Sprint 5_RobotFramework\.venv\Lib\site-packages\urllib3\connectionpool.py:1097: InsecureRequestWarning: Unverified HTTPS request is being made to host 'restful-booker.herokuapp.com'. Adding certificate verification is strongly advised. See: https://urllib3.readthedocs.io/en/latest/advanced-usage.html#tls-warnings
  warnings.warn(</msg>
<msg time="2025-05-23T21:11:21.966712" level="INFO">${response} = &lt;Response [200]&gt;</msg>
<var>${response}</var>
<arg>bookings</arg>
<arg>/booking</arg>
<doc>Sends a GET request on a previously created HTTP Session.</doc>
<status status="PASS" start="2025-05-23T21:11:21.444761" elapsed="0.522404"/>
</kw>
<kw name="Status Should Be" owner="RequestsLibrary">
<arg>200</arg>
<arg>${response}</arg>
<doc>Fails if response status code is different than the expected.</doc>
<status status="PASS" start="2025-05-23T21:11:21.969867" elapsed="0.000894"/>
</kw>
<status status="PASS" start="2025-05-23T21:11:21.379654" elapsed="0.599096"/>
</test>
<test id="s1-t2" name="Cenário 2: criar nova reserva" line="15">
<kw name="Create Session" owner="RequestsLibrary">
<msg time="2025-05-23T21:11:21.989719" level="INFO">Creating Session using : alias=bookings, url=https://restful-booker.herokuapp.com, headers={},                     cookies={}, auth=None, timeout=None, proxies=None, verify=False,                     debug=0 </msg>
<arg>bookings</arg>
<arg>${base_url}</arg>
<doc>Create Session: create a HTTP session to a server</doc>
<status status="PASS" start="2025-05-23T21:11:21.989054" elapsed="0.001078"/>
</kw>
<kw name="Create Dictionary" owner="BuiltIn">
<msg time="2025-05-23T21:11:21.992122" level="INFO">${booking_data} = {'firstname': 'Jim', 'lastname': 'Brown', 'totalprice': '111', 'depositpaid': 'true', 'bookingdates': None, 'additionalneeds': 'breakfast'}</msg>
<var>${booking_data}</var>
<arg>firstname=Jim</arg>
<arg>lastname=Brown</arg>
<arg>totalprice=111</arg>
<arg>depositpaid=true</arg>
<arg>bookingdates=${None}</arg>
<arg>additionalneeds=breakfast</arg>
<doc>Creates and returns a dictionary based on the given ``items``.</doc>
<status status="PASS" start="2025-05-23T21:11:21.990929" elapsed="0.001509"/>
</kw>
<kw name="Create Dictionary" owner="BuiltIn">
<msg time="2025-05-23T21:11:21.996172" level="INFO">${dates} = {'checkin': '2018-01-01', 'checkout': '2019-01-01'}</msg>
<var>${dates}</var>
<arg>checkin=2018-01-01</arg>
<arg>checkout=2019-01-01</arg>
<doc>Creates and returns a dictionary based on the given ``items``.</doc>
<status status="PASS" start="2025-05-23T21:11:21.995530" elapsed="0.000942"/>
</kw>
<kw name="Set To Dictionary" owner="Collections">
<arg>${booking_data}</arg>
<arg>bookingdates=${dates}</arg>
<doc>Adds the given ``key_value_pairs`` and/or ``items`` to the ``dictionary``.</doc>
<status status="PASS" start="2025-05-23T21:11:21.998006" elapsed="0.000801"/>
</kw>
<kw name="POST On Session" owner="RequestsLibrary">
<msg time="2025-05-23T21:11:22.460206" level="INFO">POST Request : url=https://restful-booker.herokuapp.com/booking 
 path_url=/booking 
 headers={'User-Agent': 'python-requests/2.32.3', 'Accept-Encoding': 'gzip, deflate', 'Accept': '*/*', 'Connection': 'keep-alive', 'Content-Length': '186', 'Content-Type': 'application/json'} 
 body=b'{"firstname": "Jim", "lastname": "Brown", "totalprice": "111", "depositpaid": "true", "bookingdates": {"checkin": "2018-01-01", "checkout": "2019-01-01"}, "additionalneeds": "breakfast"}' 
 </msg>
<msg time="2025-05-23T21:11:22.460559" level="INFO">POST Response : url=https://restful-booker.herokuapp.com/booking 
 status=200, reason=OK 
 headers={'Content-Length': '196', 'Content-Type': 'application/json; charset=utf-8', 'Date': 'Sat, 24 May 2025 00:11:22 GMT', 'Etag': 'W/"c4-iRNuhG7aRJ/DFJk3321+G8T+Oxw"', 'Nel': '{"report_to":"heroku-nel","response_headers":["Via"],"max_age":3600,"success_fraction":0.01,"failure_fraction":0.1}', 'Report-To': '{"group":"heroku-nel","endpoints":[{"url":"https://nel.heroku.com/reports?s=bxuhvcvjZkC9vILy5nMrcy80B0n27cvPpC9Z%2FWeMeOw%3D\\u0026sid=c46efe9b-d3d2-4a0c-8c76-bfafa16c5add\\u0026ts=1748045482"}],"max_age":3600}', 'Reporting-Endpoints': 'heroku-nel="https://nel.heroku.com/reports?s=bxuhvcvjZkC9vILy5nMrcy80B0n27cvPpC9Z%2FWeMeOw%3D&amp;sid=c46efe9b-d3d2-4a0c-8c76-bfafa16c5add&amp;ts=1748045482"', 'Server': 'Heroku', 'Via': '1.1 heroku-router', 'X-Powered-By': 'Express'} 
 body={"bookingid":602,"booking":{"firstname":"Jim","lastname":"Brown","totalprice":111,"depositpaid":true,"bookingdates":{"checkin":"2018-01-01","checkout":"2019-01-01"},"additionalneeds":"breakfast"}} 
 </msg>
<msg time="2025-05-23T21:11:22.460764" level="INFO">C:\03 - Projetos\AWS_QE_MAR25\Sprint 5_RobotFramework\.venv\Lib\site-packages\urllib3\connectionpool.py:1097: InsecureRequestWarning: Unverified HTTPS request is being made to host 'restful-booker.herokuapp.com'. Adding certificate verification is strongly advised. See: https://urllib3.readthedocs.io/en/latest/advanced-usage.html#tls-warnings
  warnings.warn(</msg>
<msg time="2025-05-23T21:11:22.462064" level="INFO">${response} = &lt;Response [200]&gt;</msg>
<var>${response}</var>
<arg>bookings</arg>
<arg>/booking</arg>
<arg>json=${booking_data}</arg>
<doc>Sends a POST request on a previously created HTTP Session.</doc>
<status status="PASS" start="2025-05-23T21:11:21.999965" elapsed="0.462414"/>
</kw>
<kw name="Status Should Be" owner="RequestsLibrary">
<arg>200</arg>
<arg>${response}</arg>
<doc>Fails if response status code is different than the expected.</doc>
<status status="PASS" start="2025-05-23T21:11:22.465040" elapsed="0.000730"/>
</kw>
<kw name="Get Value From Json" owner="JSONLibrary">
<msg time="2025-05-23T21:11:22.526847" level="INFO">${bookingid} = [602]</msg>
<var>${bookingid}</var>
<arg>${response.json()}</arg>
<arg>bookingid</arg>
<doc>Get Value From JSON using JSONPath</doc>
<status status="PASS" start="2025-05-23T21:11:22.468315" elapsed="0.059095"/>
</kw>
<kw name="Set Suite Variable" owner="BuiltIn">
<msg time="2025-05-23T21:11:22.538258" level="INFO">${bookingid} = [602]</msg>
<arg>${bookingid}</arg>
<doc>Makes a variable available everywhere within the scope of the current suite.</doc>
<status status="PASS" start="2025-05-23T21:11:22.533866" elapsed="0.005662"/>
</kw>
<status status="PASS" start="2025-05-23T21:11:21.986352" elapsed="0.554458"/>
</test>
<test id="s1-t3" name="Cenário 3: atualizar reserva com token" line="33">
<kw name="Create Auth Token" owner="keywords">
<kw name="Create Session" owner="RequestsLibrary">
<msg time="2025-05-23T21:11:22.553320" level="INFO">Creating Session using : alias=auth, url=https://restful-booker.herokuapp.com, headers={},                     cookies={}, auth=None, timeout=None, proxies=None, verify=False,                     debug=0 </msg>
<arg>auth</arg>
<arg>${base_url}</arg>
<doc>Create Session: create a HTTP session to a server</doc>
<status status="PASS" start="2025-05-23T21:11:22.552712" elapsed="0.001237"/>
</kw>
<kw name="Create Dictionary" owner="BuiltIn">
<msg time="2025-05-23T21:11:22.555674" level="INFO">${auth_body} = {'username': 'admin', 'password': 'password123'}</msg>
<var>${auth_body}</var>
<arg>username=admin</arg>
<arg>password=password123</arg>
<doc>Creates and returns a dictionary based on the given ``items``.</doc>
<status status="PASS" start="2025-05-23T21:11:22.554425" elapsed="0.002213"/>
</kw>
<kw name="POST On Session" owner="RequestsLibrary">
<msg time="2025-05-23T21:11:23.025051" level="INFO">POST Request : url=https://restful-booker.herokuapp.com/auth 
 path_url=/auth 
 headers={'User-Agent': 'python-requests/2.32.3', 'Accept-Encoding': 'gzip, deflate', 'Accept': '*/*', 'Connection': 'keep-alive', 'Content-Length': '48', 'Content-Type': 'application/json'} 
 body=b'{"username": "admin", "password": "password123"}' 
 </msg>
<msg time="2025-05-23T21:11:23.025436" level="INFO">POST Response : url=https://restful-booker.herokuapp.com/auth 
 status=200, reason=OK 
 headers={'Content-Length': '27', 'Content-Type': 'application/json; charset=utf-8', 'Date': 'Sat, 24 May 2025 00:11:23 GMT', 'Etag': 'W/"1b-Dop8Ch/sQgHzFc0LqV70E0hWaPc"', 'Nel': '{"report_to":"heroku-nel","response_headers":["Via"],"max_age":3600,"success_fraction":0.01,"failure_fraction":0.1}', 'Report-To': '{"group":"heroku-nel","endpoints":[{"url":"https://nel.heroku.com/reports?s=zbJkUc%2FvFQPFZLQscsxTOpLv%2Fh7fYhQkn9OsjvIRgJQ%3D\\u0026sid=c46efe9b-d3d2-4a0c-8c76-bfafa16c5add\\u0026ts=1748045483"}],"max_age":3600}', 'Reporting-Endpoints': 'heroku-nel="https://nel.heroku.com/reports?s=zbJkUc%2FvFQPFZLQscsxTOpLv%2Fh7fYhQkn9OsjvIRgJQ%3D&amp;sid=c46efe9b-d3d2-4a0c-8c76-bfafa16c5add&amp;ts=1748045483"', 'Server': 'Heroku', 'Via': '1.1 heroku-router', 'X-Powered-By': 'Express'} 
 body={"token":"5e6ba5f5dbb4105"} 
 </msg>
<msg time="2025-05-23T21:11:23.025897" level="INFO">C:\03 - Projetos\AWS_QE_MAR25\Sprint 5_RobotFramework\.venv\Lib\site-packages\urllib3\connectionpool.py:1097: InsecureRequestWarning: Unverified HTTPS request is being made to host 'restful-booker.herokuapp.com'. Adding certificate verification is strongly advised. See: https://urllib3.readthedocs.io/en/latest/advanced-usage.html#tls-warnings
  warnings.warn(</msg>
<msg time="2025-05-23T21:11:23.036785" level="INFO">${response} = &lt;Response [200]&gt;</msg>
<var>${response}</var>
<arg>auth</arg>
<arg>/auth</arg>
<arg>json=${auth_body}</arg>
<doc>Sends a POST request on a previously created HTTP Session.</doc>
<status status="PASS" start="2025-05-23T21:11:22.557347" elapsed="0.479756"/>
</kw>
<kw name="Get Value From Json" owner="JSONLibrary">
<msg time="2025-05-23T21:11:23.086687" level="INFO">${token} = ['5e6ba5f5dbb4105']</msg>
<var>${token}</var>
<arg>${response.json()}</arg>
<arg>token</arg>
<doc>Get Value From JSON using JSONPath</doc>
<status status="PASS" start="2025-05-23T21:11:23.037513" elapsed="0.049470"/>
</kw>
<return>
<value>${token}</value>
<status status="PASS" start="2025-05-23T21:11:23.087245" elapsed="0.001170"/>
</return>
<msg time="2025-05-23T21:11:23.088953" level="INFO">${token} = ['5e6ba5f5dbb4105']</msg>
<var>${token}</var>
<status status="PASS" start="2025-05-23T21:11:22.551709" elapsed="0.537497"/>
</kw>
<kw name="Log" owner="BuiltIn">
<msg time="2025-05-23T21:11:23.106909" level="INFO">Token gerado: ['5e6ba5f5dbb4105']</msg>
<arg>Token gerado: ${token}</arg>
<doc>Logs the given message with the given level.</doc>
<status status="PASS" start="2025-05-23T21:11:23.106219" elapsed="0.001050"/>
</kw>
<kw name="Set Variable" owner="BuiltIn">
<msg time="2025-05-23T21:11:23.167994" level="INFO">${cookie} = token=['5e6ba5f5dbb4105']</msg>
<var>${cookie}</var>
<arg>token=${token}</arg>
<doc>Returns the given values which can then be assigned to a variables.</doc>
<status status="PASS" start="2025-05-23T21:11:23.167280" elapsed="0.000952"/>
</kw>
<kw name="Create Dictionary" owner="BuiltIn">
<msg time="2025-05-23T21:11:23.204971" level="INFO">${headers} = {'Cookie': "token=['5e6ba5f5dbb4105']"}</msg>
<var>${headers}</var>
<arg>Cookie=${cookie}</arg>
<doc>Creates and returns a dictionary based on the given ``items``.</doc>
<status status="PASS" start="2025-05-23T21:11:23.204044" elapsed="0.001181"/>
</kw>
<kw name="Create Session" owner="RequestsLibrary">
<msg time="2025-05-23T21:11:23.215196" level="INFO">Creating Session using : alias=update, url=https://restful-booker.herokuapp.com, headers={'Cookie': "token=['5e6ba5f5dbb4105']"},                     cookies={}, auth=None, timeout=None, proxies=None, verify=False,                     debug=0 </msg>
<arg>update</arg>
<arg>${base_url}</arg>
<arg>headers=${headers}</arg>
<doc>Create Session: create a HTTP session to a server</doc>
<status status="PASS" start="2025-05-23T21:11:23.214247" elapsed="0.001553"/>
</kw>
<kw name="Create Dictionary" owner="BuiltIn">
<msg time="2025-05-23T21:11:23.229183" level="INFO">${dates} = {'checkin': '2018-01-01', 'checkout': '2019-01-01'}</msg>
<var>${dates}</var>
<arg>checkin=2018-01-01</arg>
<arg>checkout=2019-01-01</arg>
<doc>Creates and returns a dictionary based on the given ``items``.</doc>
<status status="PASS" start="2025-05-23T21:11:23.228297" elapsed="0.001223"/>
</kw>
<kw name="Create Dictionary" owner="BuiltIn">
<msg time="2025-05-23T21:11:23.242792" level="INFO">${update_data} = {'firstname': 'james', 'lastname': 'brown', 'totalprice': '111', 'depositpaid': 'true', 'bookingdates': {'checkin': '2018-01-01', 'checkout': '2019-01-01'}, 'additionalneeds': 'breakfast'}</msg>
<var>${update_data}</var>
<arg>firstname=james</arg>
<arg>lastname=brown</arg>
<arg>totalprice=111</arg>
<arg>depositpaid=true</arg>
<arg>bookingdates=${dates}</arg>
<arg>additionalneeds=breakfast</arg>
<doc>Creates and returns a dictionary based on the given ``items``.</doc>
<status status="PASS" start="2025-05-23T21:11:23.240932" elapsed="0.002240"/>
</kw>
<kw name="Log" owner="BuiltIn">
<msg time="2025-05-23T21:11:23.254348" level="INFO">Booking ID sendo usado: [602]</msg>
<arg>Booking ID sendo usado: ${bookingid}</arg>
<doc>Logs the given message with the given level.</doc>
<status status="PASS" start="2025-05-23T21:11:23.253789" elapsed="0.000897"/>
</kw>
<kw name="Log" owner="BuiltIn">
<msg time="2025-05-23T21:11:23.286867" level="INFO">Dados para atualização: {'firstname': 'james', 'lastname': 'brown', 'totalprice': '111', 'depositpaid': 'true', 'bookingdates': {'checkin': '2018-01-01', 'checkout': '2019-01-01'}, 'additionalneeds': 'breakfast'}</msg>
<arg>Dados para atualização: ${update_data}</arg>
<doc>Logs the given message with the given level.</doc>
<status status="PASS" start="2025-05-23T21:11:23.286301" elapsed="0.000827"/>
</kw>
<kw name="PUT On Session" owner="RequestsLibrary">
<msg time="2025-05-23T21:11:24.106571" level="INFO">PUT Request : url=https://restful-booker.herokuapp.com/booking/%5B602%5D 
 path_url=/booking/%5B602%5D 
 headers={'User-Agent': 'python-requests/2.32.3', 'Accept-Encoding': 'gzip, deflate', 'Accept': '*/*', 'Connection': 'keep-alive', 'Cookie': "token=['5e6ba5f5dbb4105']", 'Content-Length': '188', 'Content-Type': 'application/json'} 
 body=b'{"firstname": "james", "lastname": "brown", "totalprice": "111", "depositpaid": "true", "bookingdates": {"checkin": "2018-01-01", "checkout": "2019-01-01"}, "additionalneeds": "breakfast"}' 
 </msg>
<msg time="2025-05-23T21:11:24.106999" level="INFO">PUT Response : url=https://restful-booker.herokuapp.com/booking/%5B602%5D 
 status=403, reason=Forbidden 
 headers={'Content-Length': '9', 'Content-Type': 'text/plain; charset=utf-8', 'Date': 'Sat, 24 May 2025 00:11:24 GMT', 'Etag': 'W/"9-PatfYBLj4Um1qTm5zrukoLhNyPU"', 'Nel': '{"report_to":"heroku-nel","response_headers":["Via"],"max_age":3600,"success_fraction":0.01,"failure_fraction":0.1}', 'Report-To': '{"group":"heroku-nel","endpoints":[{"url":"https://nel.heroku.com/reports?s=yCNDPdgiFxRDvuOU2%2BGfcreelkYZAUJyOXmg4Fx1LjU%3D\\u0026sid=c46efe9b-d3d2-4a0c-8c76-bfafa16c5add\\u0026ts=1748045484"}],"max_age":3600}', 'Reporting-Endpoints': 'heroku-nel="https://nel.heroku.com/reports?s=yCNDPdgiFxRDvuOU2%2BGfcreelkYZAUJyOXmg4Fx1LjU%3D&amp;sid=c46efe9b-d3d2-4a0c-8c76-bfafa16c5add&amp;ts=1748045484"', 'Server': 'Heroku', 'Via': '1.1 heroku-router', 'X-Powered-By': 'Express'} 
 body=Forbidden 
 </msg>
<msg time="2025-05-23T21:11:24.107317" level="INFO">C:\03 - Projetos\AWS_QE_MAR25\Sprint 5_RobotFramework\.venv\Lib\site-packages\urllib3\connectionpool.py:1097: InsecureRequestWarning: Unverified HTTPS request is being made to host 'restful-booker.herokuapp.com'. Adding certificate verification is strongly advised. See: https://urllib3.readthedocs.io/en/latest/advanced-usage.html#tls-warnings
  warnings.warn(</msg>
<msg time="2025-05-23T21:11:24.118697" level="FAIL">HTTPError: 403 Client Error: Forbidden for url: https://restful-booker.herokuapp.com/booking/%5B602%5D</msg>
<var>${response}</var>
<arg>update</arg>
<arg>/booking/${bookingid}</arg>
<arg>json=${update_data}</arg>
<doc>Sends a PUT request on a previously created HTTP Session.</doc>
<status status="FAIL" start="2025-05-23T21:11:23.312258" elapsed="0.813753">HTTPError: 403 Client Error: Forbidden for url: https://restful-booker.herokuapp.com/booking/%5B602%5D</status>
</kw>
<kw name="Status Should Be" owner="RequestsLibrary">
<arg>200</arg>
<arg>${response}</arg>
<doc>Fails if response status code is different than the expected.</doc>
<status status="NOT RUN" start="2025-05-23T21:11:24.148168" elapsed="0.000311"/>
</kw>
<kw name="Log" owner="BuiltIn">
<arg>Resposta da atualização: ${response.text}</arg>
<doc>Logs the given message with the given level.</doc>
<status status="NOT RUN" start="2025-05-23T21:11:24.202698" elapsed="0.000367"/>
</kw>
<status status="FAIL" start="2025-05-23T21:11:22.549959" elapsed="1.706196">HTTPError: 403 Client Error: Forbidden for url: https://restful-booker.herokuapp.com/booking/%5B602%5D</status>
</test>
<status status="FAIL" start="2025-05-23T21:11:19.622322" elapsed="4.693837"/>
</suite>
<statistics>
<total>
<stat pass="2" fail="1" skip="0">All Tests</stat>
</total>
<tag>
</tag>
<suite>
<stat name="Api Tests" id="s1" pass="2" fail="1" skip="0">Api Tests</stat>
</suite>
</statistics>
<errors>
<msg time="2025-05-23T21:11:20.461244" level="WARN">Error in file 'c:\03 - Projetos\AWS_QE_MAR25\Sprint 5_RobotFramework\resources\keywords.robot' on line 42: The '[Return]' setting is deprecated. Use the 'RETURN' statement instead.</msg>
</errors>
</robot>
