<?xml version="1.0" encoding="UTF-8"?>
<robot generator="Robot 7.2.2 (Python 3.13.3 on win32)" generated="2025-06-02T10:55:29.542348" rpa="false" schemaversion="5">
<suite id="s1" name="Auth Tests" source="c:\03 - Projetos\AWS_QE_MAR25\fazendo\tests\auth_tests.robot">
<test id="s1-t1" name="Cenário 06: DELETE - Excluir reserva" line="42">
<kw name="Criar Sessão" owner="auth_keywords">
<kw name="Create Session" owner="RequestsLibrary">
<msg time="2025-06-02T10:55:30.442176" level="INFO">Creating Session using : alias=restful-booker, url=https://restful-booker.herokuapp.com, headers={},                     cookies={}, auth=None, timeout=None, proxies=None, verify=True,                     debug=0 </msg>
<arg>restful-booker</arg>
<arg>${URL_BASE}</arg>
<arg>verify=True</arg>
<doc>Create Session: create a HTTP session to a server</doc>
<status status="PASS" start="2025-06-02T10:55:30.439789" elapsed="0.025833"/>
</kw>
<status status="PASS" start="2025-06-02T10:55:30.437113" elapsed="0.029248"/>
</kw>
<kw name="Realizar Login como administrador e retornar token" owner="auth_keywords">
<kw name="Realizar Login como administrador" owner="auth_keywords">
<kw name="Create Dictionary" owner="BuiltIn">
<msg time="2025-06-02T10:55:30.478536" level="INFO">${payload} = {'username': 'admin', 'password': 'password123'}</msg>
<var>${payload}</var>
<arg>username=${USUARIO}</arg>
<arg>password=${SENHA}</arg>
<doc>Creates and returns a dictionary based on the given ``items``.</doc>
<status status="PASS" start="2025-06-02T10:55:30.477026" elapsed="0.001760"/>
</kw>
<kw name="POST On Session" owner="RequestsLibrary">
<msg time="2025-06-02T10:55:31.071336" level="INFO">POST Request : url=https://restful-booker.herokuapp.com/auth 
 path_url=/auth 
 headers={'User-Agent': 'python-requests/2.32.3', 'Accept-Encoding': 'gzip, deflate', 'Accept': '*/*', 'Connection': 'keep-alive', 'Content-Length': '48', 'Content-Type': 'application/json'} 
 body=b'{"username": "admin", "password": "password123"}' 
 </msg>
<msg time="2025-06-02T10:55:31.071691" level="INFO">POST Response : url=https://restful-booker.herokuapp.com/auth 
 status=200, reason=OK 
 headers={'Content-Length': '27', 'Content-Type': 'application/json; charset=utf-8', 'Date': 'Mon, 02 Jun 2025 13:55:30 GMT', 'Etag': 'W/"1b-vpNZidIHeZjvBFzMICcCF3OolbY"', 'Nel': '{"report_to":"heroku-nel","response_headers":["Via"],"max_age":3600,"success_fraction":0.01,"failure_fraction":0.1}', 'Report-To': '{"group":"heroku-nel","endpoints":[{"url":"https://nel.heroku.com/reports?s=PmiogeKBxOimbn1DeF0Jj4F9vKlEnb8v5dJN4sKMu2E%3D\\u0026sid=c46efe9b-d3d2-4a0c-8c76-bfafa16c5add\\u0026ts=1748872530"}],"max_age":3600}', 'Reporting-Endpoints': 'heroku-nel="https://nel.heroku.com/reports?s=PmiogeKBxOimbn1DeF0Jj4F9vKlEnb8v5dJN4sKMu2E%3D&amp;sid=c46efe9b-d3d2-4a0c-8c76-bfafa16c5add&amp;ts=1748872530"', 'Server': 'Heroku', 'Via': '1.1 heroku-router', 'X-Powered-By': 'Express'} 
 body={"token":"a78df020873dbb1"} 
 </msg>
<msg time="2025-06-02T10:55:31.071971" level="INFO">${response} = &lt;Response [200]&gt;</msg>
<var>${response}</var>
<arg>restful-booker</arg>
<arg>/auth</arg>
<arg>json=${payload}</arg>
<doc>Sends a POST request on a previously created HTTP Session.</doc>
<status status="PASS" start="2025-06-02T10:55:30.479155" elapsed="0.592944"/>
</kw>
<kw name="Set Suite Variable" owner="BuiltIn">
<msg time="2025-06-02T10:55:31.072811" level="INFO">${response} = &lt;Response [200]&gt;</msg>
<arg>${response}</arg>
<doc>Makes a variable available everywhere within the scope of the current suite.</doc>
<status status="PASS" start="2025-06-02T10:55:31.072387" elapsed="0.000583"/>
</kw>
<status status="PASS" start="2025-06-02T10:55:30.475066" elapsed="0.598064"/>
</kw>
<kw name="Set Variable" owner="BuiltIn">
<msg time="2025-06-02T10:55:31.074110" level="INFO">${body} = {'token': 'a78df020873dbb1'}</msg>
<var>${body}</var>
<arg>${response.json()}</arg>
<doc>Returns the given values which can then be assigned to a variables.</doc>
<status status="PASS" start="2025-06-02T10:55:31.073336" elapsed="0.000954"/>
</kw>
<return>
<value>${body}[token]</value>
<status status="PASS" start="2025-06-02T10:55:31.074455" elapsed="0.000167"/>
</return>
<msg time="2025-06-02T10:55:31.074878" level="INFO">${token} = a78df020873dbb1</msg>
<var>${token}</var>
<status status="PASS" start="2025-06-02T10:55:30.473651" elapsed="0.601872"/>
</kw>
<kw name="Criar Nova Reserva" owner="auth_keywords">
<kw name="Create Dictionary" owner="BuiltIn">
<msg time="2025-06-02T10:55:31.081721" level="INFO">${bookingdates} = {'checkin': '2025-05-01', 'checkout': '2025-05-10'}</msg>
<var>${bookingdates}</var>
<arg>checkin=${CHECKIN}</arg>
<arg>checkout=${CHECKOUT}</arg>
<doc>Creates and returns a dictionary based on the given ``items``.</doc>
<status status="PASS" start="2025-06-02T10:55:31.080778" elapsed="0.001289"/>
</kw>
<kw name="Create Dictionary" owner="BuiltIn">
<msg time="2025-06-02T10:55:31.083811" level="INFO">${payload} = {'firstname': 'Maria', 'lastname': 'Correia', 'totalprice': '150', 'depositpaid': 'true', 'bookingdates': {'checkin': '2025-05-01', 'checkout': '2025-05-10'}}</msg>
<var>${payload}</var>
<arg>firstname=${NOME}</arg>
<arg>lastname=${SOBRENOME}</arg>
<arg>totalprice=${PRECO}</arg>
<arg>depositpaid=true</arg>
<arg>bookingdates=${bookingdates}</arg>
<doc>Creates and returns a dictionary based on the given ``items``.</doc>
<status status="PASS" start="2025-06-02T10:55:31.082579" elapsed="0.001829"/>
</kw>
<kw name="POST On Session" owner="RequestsLibrary">
<msg time="2025-06-02T10:55:31.230762" level="INFO">POST Request : url=https://restful-booker.herokuapp.com/booking 
 path_url=/booking 
 headers={'User-Agent': 'python-requests/2.32.3', 'Accept-Encoding': 'gzip, deflate', 'Accept': '*/*', 'Connection': 'keep-alive', 'Content-Length': '158', 'Content-Type': 'application/json'} 
 body=b'{"firstname": "Maria", "lastname": "Correia", "totalprice": "150", "depositpaid": "true", "bookingdates": {"checkin": "2025-05-01", "checkout": "2025-05-10"}}' 
 </msg>
<msg time="2025-06-02T10:55:31.231170" level="INFO">POST Response : url=https://restful-booker.herokuapp.com/booking 
 status=200, reason=OK 
 headers={'Content-Length': '171', 'Content-Type': 'application/json; charset=utf-8', 'Date': 'Mon, 02 Jun 2025 13:55:31 GMT', 'Etag': 'W/"ab-0HINz9DcnALWmvSf0bg6DZ9KXOc"', 'Nel': '{"report_to":"heroku-nel","response_headers":["Via"],"max_age":3600,"success_fraction":0.01,"failure_fraction":0.1}', 'Report-To': '{"group":"heroku-nel","endpoints":[{"url":"https://nel.heroku.com/reports?s=NCeqq2r7Pba02OquCvW%2BESOSeIfhwyX%2F4YtD84GMyow%3D\\u0026sid=c46efe9b-d3d2-4a0c-8c76-bfafa16c5add\\u0026ts=1748872531"}],"max_age":3600}', 'Reporting-Endpoints': 'heroku-nel="https://nel.heroku.com/reports?s=NCeqq2r7Pba02OquCvW%2BESOSeIfhwyX%2F4YtD84GMyow%3D&amp;sid=c46efe9b-d3d2-4a0c-8c76-bfafa16c5add&amp;ts=1748872531"', 'Server': 'Heroku', 'Via': '1.1 heroku-router', 'X-Powered-By': 'Express'} 
 body={"bookingid":2403,"booking":{"firstname":"Maria","lastname":"Correia","totalprice":150,"depositpaid":true,"bookingdates":{"checkin":"2025-05-01","checkout":"2025-05-10"}}} 
 </msg>
<msg time="2025-06-02T10:55:31.231580" level="INFO">${response} = &lt;Response [200]&gt;</msg>
<var>${response}</var>
<arg>restful-booker</arg>
<arg>/booking</arg>
<arg>json=${payload}</arg>
<doc>Sends a POST request on a previously created HTTP Session.</doc>
<status status="PASS" start="2025-06-02T10:55:31.085473" elapsed="0.146303"/>
</kw>
<kw name="Set Suite Variable" owner="BuiltIn">
<msg time="2025-06-02T10:55:31.232750" level="INFO">${response} = &lt;Response [200]&gt;</msg>
<arg>${response}</arg>
<doc>Makes a variable available everywhere within the scope of the current suite.</doc>
<status status="PASS" start="2025-06-02T10:55:31.232191" elapsed="0.000865"/>
</kw>
<kw name="Set Variable" owner="BuiltIn">
<msg time="2025-06-02T10:55:31.235950" level="INFO">${body} = {'bookingid': 2403, 'booking': {'firstname': 'Maria', 'lastname': 'Correia', 'totalprice': 150, 'depositpaid': True, 'bookingdates': {'checkin': '2025-05-01', 'checkout': '2025-05-10'}}}</msg>
<var>${body}</var>
<arg>${response.json()}</arg>
<doc>Returns the given values which can then be assigned to a variables.</doc>
<status status="PASS" start="2025-06-02T10:55:31.233457" elapsed="0.003173"/>
</kw>
<return>
<value>${body}[bookingid]</value>
<status status="PASS" start="2025-06-02T10:55:31.237052" elapsed="0.000781"/>
</return>
<msg time="2025-06-02T10:55:31.239073" level="INFO">${booking_id} = 2403</msg>
<var>${booking_id}</var>
<status status="PASS" start="2025-06-02T10:55:31.079788" elapsed="0.159623"/>
</kw>
<kw name="Deletar Reserva" owner="auth_keywords">
<kw name="Create Dictionary" owner="BuiltIn">
<msg time="2025-06-02T10:55:31.246040" level="INFO">${headers} = {'Cookie': 'token=a78df020873dbb1'}</msg>
<var>${headers}</var>
<arg>Cookie=token=${token}</arg>
<doc>Creates and returns a dictionary based on the given ``items``.</doc>
<status status="PASS" start="2025-06-02T10:55:31.245211" elapsed="0.001140"/>
</kw>
<kw name="DELETE On Session" owner="RequestsLibrary">
<msg time="2025-06-02T10:55:31.396787" level="INFO">DELETE Request : url=https://restful-booker.herokuapp.com/booking/2403 
 path_url=/booking/2403 
 headers={'User-Agent': 'python-requests/2.32.3', 'Accept-Encoding': 'gzip, deflate', 'Accept': '*/*', 'Connection': 'keep-alive', 'Cookie': 'token=a78df020873dbb1', 'Content-Length': '0'} 
 body=None 
 </msg>
<msg time="2025-06-02T10:55:31.397320" level="INFO">DELETE Response : url=https://restful-booker.herokuapp.com/booking/2403 
 status=201, reason=Created 
 headers={'Content-Length': '7', 'Content-Type': 'text/plain; charset=utf-8', 'Date': 'Mon, 02 Jun 2025 13:55:31 GMT', 'Etag': 'W/"7-rM9AyJuqT6iOan/xHh+AW+7K/T8"', 'Nel': '{"report_to":"heroku-nel","response_headers":["Via"],"max_age":3600,"success_fraction":0.01,"failure_fraction":0.1}', 'Report-To': '{"group":"heroku-nel","endpoints":[{"url":"https://nel.heroku.com/reports?s=NCeqq2r7Pba02OquCvW%2BESOSeIfhwyX%2F4YtD84GMyow%3D\\u0026sid=c46efe9b-d3d2-4a0c-8c76-bfafa16c5add\\u0026ts=1748872531"}],"max_age":3600}', 'Reporting-Endpoints': 'heroku-nel="https://nel.heroku.com/reports?s=NCeqq2r7Pba02OquCvW%2BESOSeIfhwyX%2F4YtD84GMyow%3D&amp;sid=c46efe9b-d3d2-4a0c-8c76-bfafa16c5add&amp;ts=1748872531"', 'Server': 'Heroku', 'Via': '1.1 heroku-router', 'X-Powered-By': 'Express'} 
 body=Created 
 </msg>
<msg time="2025-06-02T10:55:31.398006" level="INFO">${response} = &lt;Response [201]&gt;</msg>
<var>${response}</var>
<arg>restful-booker</arg>
<arg>/booking/${booking_id}</arg>
<arg>headers=${headers}</arg>
<doc>Sends a DELETE request on a previously created HTTP Session.</doc>
<status status="PASS" start="2025-06-02T10:55:31.246783" elapsed="0.151533"/>
</kw>
<kw name="Set Suite Variable" owner="BuiltIn">
<msg time="2025-06-02T10:55:31.399373" level="INFO">${response} = &lt;Response [201]&gt;</msg>
<arg>${response}</arg>
<doc>Makes a variable available everywhere within the scope of the current suite.</doc>
<status status="PASS" start="2025-06-02T10:55:31.398750" elapsed="0.000952"/>
</kw>
<arg>${booking_id}</arg>
<arg>${token}</arg>
<status status="PASS" start="2025-06-02T10:55:31.243916" elapsed="0.156142"/>
</kw>
<kw name="Validar Status Code" owner="auth_keywords">
<kw name="Should Be Equal As Numbers" owner="BuiltIn">
<msg time="2025-06-02T10:55:31.411339" level="INFO">Argument types are:
&lt;class 'int'&gt;
&lt;class 'str'&gt;</msg>
<arg>${response.status_code}</arg>
<arg>${statuscode}</arg>
<doc>Fails if objects are unequal after converting them to real numbers.</doc>
<status status="PASS" start="2025-06-02T10:55:31.409953" elapsed="0.001868"/>
</kw>
<arg>201</arg>
<status status="PASS" start="2025-06-02T10:55:31.408925" elapsed="0.003180"/>
</kw>
<status status="PASS" start="2025-06-02T10:55:30.435345" elapsed="1.013817"/>
</test>
<doc>Arquivo simples para requisições em HTTP em APIs restful-booker</doc>
<status status="PASS" start="2025-06-02T10:55:29.553407" elapsed="1.902057"/>
</suite>
<statistics>
<total>
<stat pass="1" fail="0" skip="0">All Tests</stat>
</total>
<tag>
</tag>
<suite>
<stat name="Auth Tests" id="s1" pass="1" fail="0" skip="0">Auth Tests</stat>
</suite>
</statistics>
<errors>
<msg time="2025-06-02T10:55:30.415033" level="WARN">Error in file 'c:\03 - Projetos\AWS_QE_MAR25\fazendo\resources\auth_keywords.robot' on line 18: The '[Return]' setting is deprecated. Use the 'RETURN' statement instead.</msg>
<msg time="2025-06-02T10:55:30.416137" level="WARN">Error in file 'c:\03 - Projetos\AWS_QE_MAR25\fazendo\resources\auth_keywords.robot' on line 48: The '[Return]' setting is deprecated. Use the 'RETURN' statement instead.</msg>
</errors>
</robot>
